<?xml version="1.0" encoding="UTF-8"?><testsuites failures="0" name="dependency-check" tests="635"><testsuite failures="0" errors="0" time="0" id="0" name="/home/iyed_mak/Videos/University/ssd/secureshop-devsecops/services/notification-service/node_modules/nodemailer/.ncurc.js" package=".ncurc.js" skipped="0" tests="1" timestamp="2026-05-04T20:21:02.95663503"><testcase classname="dependency-check" name=".ncurc.js"/></testsuite><testsuite failures="0" errors="0" time="0" id="1" name="/home/iyed_mak/Videos/University/ssd/secureshop-devsecops/services/notification-service/node_modules/nodemailer/.prettierrc.js" package=".prettierrc.js" skipped="0" tests="1" timestamp="2026-05-04T20:21:02.95663503"><testcase classname="dependency-check" name=".prettierrc.js"/></testsuite><testsuite failures="0" errors="0" time="0" id="2" name="/home/iyed_mak/Videos/University/ssd/secureshop-devsecops/services/inventory-service/node_modules/get-intrinsic/test/GetIntrinsic.js" package="GetIntrinsic.js" skipped="0" tests="1" timestamp="2026-05-04T20:21:02.95663503"><testcase classname="dependency-check" name="GetIntrinsic.js"/></testsuite><testsuite failures="0" errors="0" time="0" id="3" name="/home/iyed_mak/Videos/University/ssd/secureshop-devsecops/services/inventory-service/node_modules/get-proto/Object.getPrototypeOf.js" package="Object.getPrototypeOf.js" skipped="0" tests="1" timestamp="2026-05-04T20:21:02.95663503"><testcase classname="dependency-check" name="Object.getPrototypeOf.js"/></testsuite><testsuite failures="0" errors="0" time="0" id="4" name="/home/iyed_mak/Videos/University/ssd/secureshop-devsecops/services/inventory-service/node_modules/get-proto/Reflect.getPrototypeOf.js" package="Reflect.getPrototypeOf.js" skipped="0" tests="1" timestamp="2026-05-04T20:21:02.95663503"><testcase classname="dependency-check" name="Reflect.getPrototypeOf.js"/></testsuite><testsuite failures="0" errors="0" time="0" id="5" name="/home/iyed_mak/Videos/University/ssd/secureshop-devsecops/services/inventory-service/node_modules/es-object-atoms/RequireObjectCoercible.js" package="RequireObjectCoercible.js" skipped="0" tests="1" timestamp="2026-05-04T20:21:02.95663503"><testcase classname="dependency-check" name="RequireObjectCoercible.js"/></testsuite><testsuite failures="0" errors="0" time="0" id="6" name="/home/iyed_mak/Videos/University/ssd/secureshop-devsecops/services/inventory-service/node_modules/es-object-atoms/ToObject.js" package="ToObject.js" skipped="0" tests="1" timestamp="2026-05-04T20:21:02.95663503"><testcase classname="dependency-check" name="ToObject.js"/></testsuite><testsuite failures="0" errors="0" time="0" id="7" name="/home/iyed_mak/Videos/University/ssd/secureshop-devsecops/services/inventory-service/node_modules/math-intrinsics/abs.js" package="abs.js" skipped="0" tests="1" timestamp="2026-05-04T20:21:02.95663503"><testcase classname="dependency-check" name="abs.js"/></testsuite><testsuite failures="0" errors="0" time="0" id="8" name="/home/iyed_mak/Videos/University/ssd/secureshop-devsecops/services/notification-service/package-lock.json?express:4.22.1/accepts:~1.3.8" package="accepts:1.3.8" skipped="0" tests="1" timestamp="2026-05-04T20:21:02.95663503"><testcase classname="dependency-check" name="accepts:1.3.8"/></testsuite><testsuite failures="0" errors="0" time="0" id="9" name="/home/iyed_mak/Videos/University/ssd/secureshop-devsecops/services/inventory-service/node_modules/call-bind-apply-helpers/actualApply.js" package="actualApply.js" skipped="0" tests="1" timestamp="2026-05-04T20:21:02.95663503"><testcase classname="dependency-check" name="actualApply.js"/></testsuite><testsuite failures="0" errors="0" time="0" id="10" name="/home/iyed_mak/Videos/University/ssd/secureshop-devsecops/services/inventory-service/node_modules/nodemon/lib/rules/add.js" package="add.js" skipped="0" tests="1" timestamp="2026-05-04T20:21:02.95663503"><testcase classname="dependency-check" name="add.js"/></testsuite><testsuite failures="0" errors="0" time="0" id="11" name="/home/iyed_mak/Videos/University/ssd/secureshop-devsecops/services/inventory-service/node_modules/object-inspect/example/all.js" package="all.js" skipped="0" tests="1" timestamp="2026-05-04T20:21:02.95663503"><testcase classname="dependency-check" name="all.js"/></testsuite><testsuite failures="0" errors="0" time="0" id="12" name="/home/iyed_mak/Videos/University/ssd/secureshop-devsecops/services/notification-service/package-lock.json?/amqplib:0.10.9" package="amqplib:0.10.9" skipped="0" tests="1" timestamp="2026-05-04T20:21:02.95663503"><testcase classname="dependency-check" name="amqplib:0.10.9"/></testsuite><testsuite failures="0" errors="0" time="0" id="13" name="/home/iyed_mak/Videos/University/ssd/secureshop-devsecops/services/notification-service/package-lock.json?chokidar:3.6.0/anymatch:~3.1.2" package="anymatch:3.1.3" skipped="0" tests="1" timestamp="2026-05-04T20:21:02.95663503"><testcase classname="dependency-check" name="anymatch:3.1.3"/></testsuite><testsuite failures="0" errors="0" time="0" id="14" name="/home/iyed_mak/Videos/University/ssd/secureshop-devsecops/services/notification-service/node_modules/amqplib/lib/api_args.js" package="api_args.js" skipped="0" tests="1" timestamp="2026-05-04T20:21:02.95663503"><testcase classname="dependency-check" name="api_args.js"/></testsuite><testsuite failures="0" errors="0" time="0" id="15" name="/home/iyed_mak/Videos/University/ssd/secureshop-devsecops/services/inventory-service/node_modules/express/lib/application.js" package="application.js" skipped="0" tests="1" timestamp="2026-05-04T20:21:02.95663503"><testcase classname="dependency-check" name="application.js"/></testsuite><testsuite failures="0" errors="0" time="0" id="16" name="/home/iyed_mak/Videos/University/ssd/secureshop-devsecops/services/inventory-service/node_modules/call-bind-apply-helpers/applyBind.js" package="applyBind.js" skipped="0" tests="1" timestamp="2026-05-04T20:21:02.95663503"><testcase classname="dependency-check" name="applyBind.js"/></testsuite><testsuite failures="0" errors="0" time="0" id="17" name="/home/iyed_mak/Videos/University/ssd/secureshop-devsecops/services/inventory-service/node_modules/array-flatten/array-flatten.js" package="array-flatten.js" skipped="0" tests="1" timestamp="2026-05-04T20:21:02.95663503"><testcase classname="dependency-check" name="array-flatten.js"/></testsuite><testsuite failures="0" errors="0" time="0" id="18" name="/home/iyed_mak/Videos/University/ssd/secureshop-devsecops/services/notification-service/package-lock.json?express:4.22.1/array-flatten:1.1.1" package="array-flatten:1.1.1" skipped="0" tests="1" timestamp="2026-05-04T20:21:02.95663503"><testcase classname="dependency-check" name="array-flatten:1.1.1"/></testsuite><testsuite failures="0" errors="0" time="0" id="19" name="/home/iyed_mak/Videos/University/ssd/secureshop-devsecops/services/inventory-service/node_modules/pg-types/lib/arrayParser.js" package="arrayParser.js" skipped="0" tests="1" timestamp="2026-05-04T20:21:02.95663503"><testcase classname="dependency-check" name="arrayParser.js"/></testsuite><testsuite failures="0" errors="0" time="0" id="20" name="/home/iyed_mak/Videos/University/ssd/secureshop-devsecops/services/inventory-service/node_modules/minimatch/dist/commonjs/assert-valid-pattern.js" package="assert-valid-pattern.js" skipped="0" tests="1" timestamp="2026-05-04T20:21:02.95663503"><testcase classname="dependency-check" name="assert-valid-pattern.js"/></testsuite><testsuite failures="0" errors="0" time="0" id="21" name="/home/iyed_mak/Videos/University/ssd/secureshop-devsecops/services/inventory-service/node_modules/minimatch/dist/esm/assert-valid-pattern.js" package="assert-valid-pattern.js" skipped="0" tests="1" timestamp="2026-05-04T20:21:02.95663503"><testcase classname="dependency-check" name="assert-valid-pattern.js"/></testsuite><testsuite failures="0" errors="0" time="0" id="22" name="/home/iyed_mak/Videos/University/ssd/secureshop-devsecops/services/inventory-service/node_modules/minimatch/dist/commonjs/ast.js" package="ast.js" skipped="0" tests="1" timestamp="2026-05-04T20:21:02.95663503"><testcase classname="dependency-check" name="ast.js"/></testsuite><testsuite failures="0" errors="0" time="0" id="23" name="/home/iyed_mak/Videos/University/ssd/secureshop-devsecops/services/inventory-service/node_modules/minimatch/dist/esm/ast.js" package="ast.js" skipped="0" tests="1" timestamp="2026-05-04T20:21:02.95663503"><testcase classname="dependency-check" name="ast.js"/></testsuite><testsuite failures="0" errors="0" time="0" id="24" name="/home/iyed_mak/Videos/University/ssd/secureshop-devsecops/services/inventory-service/node_modules/pg-protocol/dist/b.js" package="b.js" skipped="0" tests="1" timestamp="2026-05-04T20:21:02.95663503"><testcase classname="dependency-check" name="b.js"/></testsuite><testsuite failures="0" errors="0" time="0" id="25" name="/home/iyed_mak/Videos/University/ssd/secureshop-devsecops/services/notification-service/package-lock.json?brace-expansion:5.0.5/balanced-match:^4.0.2" package="balanced-match:4.0.4" skipped="0" tests="1" timestamp="2026-05-04T20:21:02.95663503"><testcase classname="dependency-check" name="balanced-match:4.0.4"/></testsuite><testsuite failures="0" errors="0" time="0" id="26" name="/home/iyed_mak/Videos/University/ssd/secureshop-devsecops/services/inventory-service/node_modules/split2/bench.js" package="bench.js" skipped="0" tests="1" timestamp="2026-05-04T20:21:02.95663503"><testcase classname="dependency-check" name="bench.js"/></testsuite><testsuite failures="0" errors="0" time="0" id="27" name="/home/iyed_mak/Videos/University/ssd/secureshop-devsecops/services/inventory-service/node_modules/object-inspect/test/bigint.js" package="bigint.js" skipped="0" tests="1" timestamp="2026-05-04T20:21:02.95663503"><testcase classname="dependency-check" name="bigint.js"/></testsuite><testsuite failures="0" errors="0" time="0" id="28" name="/home/iyed_mak/Videos/University/ssd/secureshop-devsecops/services/notification-service/package-lock.json?is-binary-path:2.1.0/binary-extensions:^2.0.0" package="binary-extensions:2.3.0" skipped="0" tests="1" timestamp="2026-05-04T20:21:02.95663503"><testcase classname="dependency-check" name="binary-extensions:2.3.0"/></testsuite><testsuite failures="0" errors="0" time="0" id="29" name="/home/iyed_mak/Videos/University/ssd/secureshop-devsecops/services/inventory-service/node_modules/pg-types/lib/binaryParsers.js" package="binaryParsers.js" skipped="0" tests="1" timestamp="2026-05-04T20:21:02.95663503"><testcase classname="dependency-check" name="binaryParsers.js"/></testsuite><testsuite failures="0" errors="0" time="0" id="30" name="/home/iyed_mak/Videos/University/ssd/secureshop-devsecops/services/notification-service/node_modules/amqplib/lib/bitset.js" package="bitset.js" skipped="0" tests="1" timestamp="2026-05-04T20:21:02.95663503"><testcase classname="dependency-check" name="bitset.js"/></testsuite><testsuite failures="0" errors="0" time="0" id="31" name="/home/iyed_mak/Videos/University/ssd/secureshop-devsecops/services/notification-service/node_modules/amqplib/test/bitset.js" package="bitset.js" skipped="0" tests="1" timestamp="2026-05-04T20:21:02.95663503"><testcase classname="dependency-check" name="bitset.js"/></testsuite><testsuite failures="0" errors="0" time="0" id="32" name="/home/iyed_mak/Videos/University/ssd/secureshop-devsecops/services/notification-service/package-lock.json?express:4.22.1/body-parser:~1.20.3" package="body-parser:1.20.5" skipped="0" tests="1" timestamp="2026-05-04T20:21:02.95663503"><testcase classname="dependency-check" name="body-parser:1.20.5"/></testsuite><testsuite failures="0" errors="0" time="0" id="33" name="/home/iyed_mak/Videos/University/ssd/secureshop-devsecops/services/inventory-service/node_modules/iconv-lite/lib/bom-handling.js" package="bom-handling.js" skipped="0" tests="1" timestamp="2026-05-04T20:21:02.95663503"><testcase classname="dependency-check" name="bom-handling.js"/></testsuite><testsuite failures="0" errors="0" time="0" id="34" name="/home/iyed_mak/Videos/University/ssd/secureshop-devsecops/services/notification-service/package-lock.json?minimatch:10.2.5/brace-expansion:^5.0.5" package="brace-expansion:5.0.5" skipped="0" tests="1" timestamp="2026-05-04T20:21:02.95663503"><testcase classname="dependency-check" name="brace-expansion:5.0.5"/></testsuite><testsuite failures="0" errors="0" time="0" id="35" name="/home/iyed_mak/Videos/University/ssd/secureshop-devsecops/services/inventory-service/node_modules/minimatch/dist/commonjs/brace-expressions.js" package="brace-expressions.js" skipped="0" tests="1" timestamp="2026-05-04T20:21:02.95663503"><testcase classname="dependency-check" name="brace-expressions.js"/></testsuite><testsuite failures="0" errors="0" time="0" id="36" name="/home/iyed_mak/Videos/University/ssd/secureshop-devsecops/services/inventory-service/node_modules/minimatch/dist/esm/brace-expressions.js" package="brace-expressions.js" skipped="0" tests="1" timestamp="2026-05-04T20:21:02.95663503"><testcase classname="dependency-check" name="brace-expressions.js"/></testsuite><testsuite failures="0" errors="0" time="0" id="37" name="/home/iyed_mak/Videos/University/ssd/secureshop-devsecops/services/notification-service/package-lock.json?chokidar:3.6.0/braces:~3.0.2" package="braces:3.0.3" skipped="0" tests="1" timestamp="2026-05-04T20:21:02.95663503"><testcase classname="dependency-check" name="braces:3.0.3"/></testsuite><testsuite failures="0" errors="0" time="0" id="38" name="/home/iyed_mak/Videos/University/ssd/secureshop-devsecops/services/inventory-service/node_modules/debug/src/browser.js" package="browser.js" skipped="0" tests="1" timestamp="2026-05-04T20:21:02.95663503"><testcase classname="dependency-check" name="browser.js"/></testsuite><testsuite failures="0" errors="0" time="0" id="39" name="/home/iyed_mak/Videos/University/ssd/secureshop-devsecops/services/inventory-service/node_modules/nodemon/node_modules/debug/src/browser.js" package="browser.js" skipped="0" tests="1" timestamp="2026-05-04T20:21:02.95663503"><testcase classname="dependency-check" name="browser.js"/></testsuite><testsuite failures="0" errors="0" time="0" id="40" name="/home/iyed_mak/Videos/University/ssd/secureshop-devsecops/services/inventory-service/node_modules/supports-color/browser.js" package="browser.js" skipped="0" tests="1" timestamp="2026-05-04T20:21:02.95663503"><testcase classname="dependency-check" name="browser.js"/></testsuite><testsuite failures="0" errors="0" time="0" id="41" name="/home/iyed_mak/Videos/University/ssd/secureshop-devsecops/services/notification-service/node_modules/buffer-more-ints/buffer-more-ints-tests.js" package="buffer-more-ints-tests.js" skipped="0" tests="1" timestamp="2026-05-04T20:21:02.95663503"><testcase classname="dependency-check" name="buffer-more-ints-tests.js"/></testsuite><testsuite failures="0" errors="0" time="0" id="42" name="/home/iyed_mak/Videos/University/ssd/secureshop-devsecops/services/notification-service/node_modules/buffer-more-ints/buffer-more-ints.js" package="buffer-more-ints.js" skipped="0" tests="1" timestamp="2026-05-04T20:21:02.95663503"><testcase classname="dependency-check" name="buffer-more-ints.js"/></testsuite><testsuite failures="0" errors="0" time="0" id="43" name="/home/iyed_mak/Videos/University/ssd/secureshop-devsecops/services/notification-service/package-lock.json?/buffer-more-ints:1.0.0" package="buffer-more-ints:1.0.0" skipped="0" tests="1" timestamp="2026-05-04T20:21:02.95663503"><testcase classname="dependency-check" name="buffer-more-ints:1.0.0"/></testsuite><testsuite failures="0" errors="0" time="0" id="44" name="/home/iyed_mak/Videos/University/ssd/secureshop-devsecops/services/inventory-service/node_modules/pg-protocol/dist/buffer-reader.js" package="buffer-reader.js" skipped="0" tests="1" timestamp="2026-05-04T20:21:02.95663503"><testcase classname="dependency-check" name="buffer-reader.js"/></testsuite><testsuite failures="0" errors="0" time="0" id="45" name="/home/iyed_mak/Videos/University/ssd/secureshop-devsecops/services/inventory-service/node_modules/pg-protocol/dist/buffer-writer.js" package="buffer-writer.js" skipped="0" tests="1" timestamp="2026-05-04T20:21:02.95663503"><testcase classname="dependency-check" name="buffer-writer.js"/></testsuite><testsuite failures="0" errors="0" time="0" id="46" name="/home/iyed_mak/Videos/University/ssd/secureshop-devsecops/services/inventory-service/node_modules/mime/src/build.js" package="build.js" skipped="0" tests="1" timestamp="2026-05-04T20:21:02.95663503"><testcase classname="dependency-check" name="build.js"/></testsuite><testsuite failures="0" errors="0" time="0" id="47" name="/home/iyed_mak/Videos/University/ssd/secureshop-devsecops/services/inventory-service/node_modules/pg-types/lib/builtins.js" package="builtins.js" skipped="0" tests="1" timestamp="2026-05-04T20:21:02.95663503"><testcase classname="dependency-check" name="builtins.js"/></testsuite><testsuite failures="0" errors="0" time="0" id="48" name="/home/iyed_mak/Videos/University/ssd/secureshop-devsecops/services/inventory-service/node_modules/nodemon/lib/utils/bus.js" package="bus.js" skipped="0" tests="1" timestamp="2026-05-04T20:21:02.95663503"><testcase classname="dependency-check" name="bus.js"/></testsuite><testsuite failures="0" errors="0" time="0" id="49" name="/home/iyed_mak/Videos/University/ssd/secureshop-devsecops/services/notification-service/package-lock.json?raw-body:2.5.3/bytes:~3.1.2" package="bytes:3.1.2" skipped="0" tests="1" timestamp="2026-05-04T20:21:02.95663503"><testcase classname="dependency-check" name="bytes:3.1.2"/></testsuite><testsuite failures="0" errors="0" time="0" id="50" name="/home/iyed_mak/Videos/University/ssd/secureshop-devsecops/services/notification-service/package-lock.json?get-intrinsic:1.3.0/call-bind-apply-helpers:^1.0.2" package="call-bind-apply-helpers:1.0.2" skipped="0" tests="1" timestamp="2026-05-04T20:21:02.95663503"><testcase classname="dependency-check" name="call-bind-apply-helpers:1.0.2"/></testsuite><testsuite failures="0" errors="0" time="0" id="51" name="/home/iyed_mak/Videos/University/ssd/secureshop-devsecops/services/notification-service/package-lock.json?side-channel-weakmap:1.0.2/call-bound:^1.0.2" package="call-bound:1.0.4" skipped="0" tests="1" timestamp="2026-05-04T20:21:02.95663503"><testcase classname="dependency-check" name="call-bound:1.0.4"/></testsuite><testsuite failures="0" errors="0" time="0" id="52" name="/home/iyed_mak/Videos/University/ssd/secureshop-devsecops/services/notification-service/node_modules/amqplib/callback_api.js" package="callback_api.js" skipped="0" tests="1" timestamp="2026-05-04T20:21:02.95663503"><testcase classname="dependency-check" name="callback_api.js"/></testsuite><testsuite failures="0" errors="0" time="0" id="53" name="/home/iyed_mak/Videos/University/ssd/secureshop-devsecops/services/notification-service/node_modules/amqplib/test/callback_api.js" package="callback_api.js" skipped="0" tests="1" timestamp="2026-05-04T20:21:02.95663503"><testcase classname="dependency-check" name="callback_api.js"/></testsuite><testsuite failures="0" errors="0" time="0" id="54" name="/home/iyed_mak/Videos/University/ssd/secureshop-devsecops/services/notification-service/node_modules/amqplib/lib/callback_model.js" package="callback_model.js" skipped="0" tests="1" timestamp="2026-05-04T20:21:02.95663503"><testcase classname="dependency-check" name="callback_model.js"/></testsuite><testsuite failures="0" errors="0" time="0" id="55" name="/home/iyed_mak/Videos/University/ssd/secureshop-devsecops/services/inventory-service/node_modules/pg/lib/crypto/cert-signatures.js" package="cert-signatures.js" skipped="0" tests="1" timestamp="2026-05-04T20:21:02.95663503"><testcase classname="dependency-check" name="cert-signatures.js"/></testsuite><testsuite failures="0" errors="0" time="0" id="56" name="/home/iyed_mak/Videos/University/ssd/secureshop-devsecops/services/notification-service/node_modules/amqplib/lib/channel.js" package="channel.js" skipped="0" tests="1" timestamp="2026-05-04T20:21:02.95663503"><testcase classname="dependency-check" name="channel.js"/></testsuite><testsuite failures="0" errors="0" time="0" id="57" name="/home/iyed_mak/Videos/University/ssd/secureshop-devsecops/services/notification-service/node_modules/amqplib/test/channel.js" package="channel.js" skipped="0" tests="1" timestamp="2026-05-04T20:21:02.95663503"><testcase classname="dependency-check" name="channel.js"/></testsuite><testsuite failures="0" errors="0" time="0" id="58" name="/home/iyed_mak/Videos/University/ssd/secureshop-devsecops/services/notification-service/node_modules/amqplib/channel_api.js" package="channel_api.js" skipped="0" tests="1" timestamp="2026-05-04T20:21:02.95663503"><testcase classname="dependency-check" name="channel_api.js"/></testsuite><testsuite failures="0" errors="0" time="0" id="59" name="/home/iyed_mak/Videos/University/ssd/secureshop-devsecops/services/notification-service/node_modules/amqplib/test/channel_api.js" package="channel_api.js" skipped="0" tests="1" timestamp="2026-05-04T20:21:02.95663503"><testcase classname="dependency-check" name="channel_api.js"/></testsuite><testsuite failures="0" errors="0" time="0" id="60" name="/home/iyed_mak/Videos/University/ssd/secureshop-devsecops/services/notification-service/node_modules/amqplib/lib/channel_model.js" package="channel_model.js" skipped="0" tests="1" timestamp="2026-05-04T20:21:02.95663503"><testcase classname="dependency-check" name="channel_model.js"/></testsuite><testsuite failures="0" errors="0" time="0" id="61" name="/home/iyed_mak/Videos/University/ssd/secureshop-devsecops/services/inventory-service/node_modules/negotiator/lib/charset.js" package="charset.js" skipped="0" tests="1" timestamp="2026-05-04T20:21:02.95663503"><testcase classname="dependency-check" name="charset.js"/></testsuite><testsuite failures="0" errors="0" time="0" id="62" name="/home/iyed_mak/Videos/University/ssd/secureshop-devsecops/services/notification-service/package-lock.json?nodemon:3.1.14/chokidar:^3.5.2" package="chokidar:3.6.0" skipped="0" tests="1" timestamp="2026-05-04T20:21:02.95663503"><testcase classname="dependency-check" name="chokidar:3.6.0"/></testsuite><testsuite failures="0" errors="0" time="0" id="63" name="/home/iyed_mak/Videos/University/ssd/secureshop-devsecops/services/inventory-service/node_modules/object-inspect/example/circular.js" package="circular.js" skipped="0" tests="1" timestamp="2026-05-04T20:21:02.95663503"><testcase classname="dependency-check" name="circular.js"/></testsuite><testsuite failures="0" errors="0" time="0" id="64" name="/home/iyed_mak/Videos/University/ssd/secureshop-devsecops/services/inventory-service/node_modules/object-inspect/test/circular.js" package="circular.js" skipped="0" tests="1" timestamp="2026-05-04T20:21:02.95663503"><testcase classname="dependency-check" name="circular.js"/></testsuite><testsuite failures="0" errors="0" time="0" id="65" name="/home/iyed_mak/Videos/University/ssd/secureshop-devsecops/services/inventory-service/node_modules/semver/functions/clean.js" package="clean.js" skipped="0" tests="1" timestamp="2026-05-04T20:21:02.95663503"><testcase classname="dependency-check" name="clean.js"/></testsuite><testsuite failures="0" errors="0" time="0" id="66" name="/home/iyed_mak/Videos/University/ssd/secureshop-devsecops/services/inventory-service/node_modules/mime/cli.js" package="cli.js" skipped="0" tests="1" timestamp="2026-05-04T20:21:02.95663503"><testcase classname="dependency-check" name="cli.js"/></testsuite><testsuite failures="0" errors="0" time="0" id="67" name="/home/iyed_mak/Videos/University/ssd/secureshop-devsecops/services/inventory-service/node_modules/pg/lib/client.js" package="client.js" skipped="0" tests="1" timestamp="2026-05-04T20:21:02.95663503"><testcase classname="dependency-check" name="client.js"/></testsuite><testsuite failures="0" errors="0" time="0" id="68" name="/home/iyed_mak/Videos/University/ssd/secureshop-devsecops/services/inventory-service/node_modules/pg/lib/native/client.js" package="client.js" skipped="0" tests="1" timestamp="2026-05-04T20:21:02.95663503"><testcase classname="dependency-check" name="client.js"/></testsuite><testsuite failures="0" errors="0" time="0" id="69" name="/home/iyed_mak/Videos/University/ssd/secureshop-devsecops/services/inventory-service/node_modules/nodemon/lib/utils/clone.js" package="clone.js" skipped="0" tests="1" timestamp="2026-05-04T20:21:02.95663503"><testcase classname="dependency-check" name="clone.js"/></testsuite><testsuite failures="0" errors="0" time="0" id="70" name="/home/iyed_mak/Videos/University/ssd/secureshop-devsecops/services/inventory-service/node_modules/semver/functions/cmp.js" package="cmp.js" skipped="0" tests="1" timestamp="2026-05-04T20:21:02.95663503"><testcase classname="dependency-check" name="cmp.js"/></testsuite><testsuite failures="0" errors="0" time="0" id="71" name="/home/iyed_mak/Videos/University/ssd/secureshop-devsecops/services/notification-service/node_modules/amqplib/lib/codec.js" package="codec.js" skipped="0" tests="1" timestamp="2026-05-04T20:21:02.95663503"><testcase classname="dependency-check" name="codec.js"/></testsuite><testsuite failures="0" errors="0" time="0" id="72" name="/home/iyed_mak/Videos/University/ssd/secureshop-devsecops/services/notification-service/node_modules/amqplib/test/codec.js" package="codec.js" skipped="0" tests="1" timestamp="2026-05-04T20:21:02.95663503"><testcase classname="dependency-check" name="codec.js"/></testsuite><testsuite failures="0" errors="0" time="0" id="73" name="/home/iyed_mak/Videos/University/ssd/secureshop-devsecops/services/inventory-service/node_modules/semver/functions/coerce.js" package="coerce.js" skipped="0" tests="1" timestamp="2026-05-04T20:21:02.95663503"><testcase classname="dependency-check" name="coerce.js"/></testsuite><testsuite failures="0" errors="0" time="0" id="74" name="/home/iyed_mak/Videos/University/ssd/secureshop-devsecops/services/inventory-service/node_modules/nodemon/lib/utils/colour.js" package="colour.js" skipped="0" tests="1" timestamp="2026-05-04T20:21:02.95663503"><testcase classname="dependency-check" name="colour.js"/></testsuite><testsuite failures="0" errors="0" time="0" id="75" name="/home/iyed_mak/Videos/University/ssd/secureshop-devsecops/services/inventory-service/node_modules/nodemon/lib/config/command.js" package="command.js" skipped="0" tests="1" timestamp="2026-05-04T20:21:02.95663503"><testcase classname="dependency-check" name="command.js"/></testsuite><testsuite failures="0" errors="0" time="0" id="76" name="/home/iyed_mak/Videos/University/ssd/secureshop-devsecops/services/inventory-service/node_modules/nodemon/node_modules/debug/src/common.js" package="common.js" skipped="0" tests="1" timestamp="2026-05-04T20:21:02.95663503"><testcase classname="dependency-check" name="common.js"/></testsuite><testsuite failures="0" errors="0" time="0" id="77" name="/home/iyed_mak/Videos/University/ssd/secureshop-devsecops/services/inventory-service/node_modules/semver/classes/comparator.js" package="comparator.js" skipped="0" tests="1" timestamp="2026-05-04T20:21:02.95663503"><testcase classname="dependency-check" name="comparator.js"/></testsuite><testsuite failures="0" errors="0" time="0" id="78" name="/home/iyed_mak/Videos/University/ssd/secureshop-devsecops/services/inventory-service/node_modules/semver/functions/compare-build.js" package="compare-build.js" skipped="0" tests="1" timestamp="2026-05-04T20:21:02.95663503"><testcase classname="dependency-check" name="compare-build.js"/></testsuite><testsuite failures="0" errors="0" time="0" id="79" name="/home/iyed_mak/Videos/University/ssd/secureshop-devsecops/services/inventory-service/node_modules/semver/functions/compare-loose.js" package="compare-loose.js" skipped="0" tests="1" timestamp="2026-05-04T20:21:02.95663503"><testcase classname="dependency-check" name="compare-loose.js"/></testsuite><testsuite failures="0" errors="0" time="0" id="80" name="/home/iyed_mak/Videos/University/ssd/secureshop-devsecops/services/inventory-service/node_modules/semver/functions/compare.js" package="compare.js" skipped="0" tests="1" timestamp="2026-05-04T20:21:02.95663503"><testcase classname="dependency-check" name="compare.js"/></testsuite><testsuite failures="0" errors="0" time="0" id="81" name="/home/iyed_mak/Videos/University/ssd/secureshop-devsecops/services/inventory-service/node_modules/braces/lib/compile.js" package="compile.js" skipped="0" tests="1" timestamp="2026-05-04T20:21:02.95663503"><testcase classname="dependency-check" name="compile.js"/></testsuite><testsuite failures="0" errors="0" time="0" id="82" name="/home/iyed_mak/Videos/University/ssd/secureshop-devsecops/services/notification-service/node_modules/amqplib/lib/connect.js" package="connect.js" skipped="0" tests="1" timestamp="2026-05-04T20:21:02.95663503"><testcase classname="dependency-check" name="connect.js"/></testsuite><testsuite failures="0" errors="0" time="0" id="83" name="/home/iyed_mak/Videos/University/ssd/secureshop-devsecops/services/notification-service/node_modules/amqplib/test/connect.js" package="connect.js" skipped="0" tests="1" timestamp="2026-05-04T20:21:02.95663503"><testcase classname="dependency-check" name="connect.js"/></testsuite><testsuite failures="0" errors="0" time="0" id="84" name="/home/iyed_mak/Videos/University/ssd/secureshop-devsecops/services/inventory-service/node_modules/pg/lib/connection-parameters.js" package="connection-parameters.js" skipped="0" tests="1" timestamp="2026-05-04T20:21:02.95663503"><testcase classname="dependency-check" name="connection-parameters.js"/></testsuite><testsuite failures="0" errors="0" time="0" id="85" name="/home/iyed_mak/Videos/University/ssd/secureshop-devsecops/services/inventory-service/node_modules/pg/lib/connection.js" package="connection.js" skipped="0" tests="1" timestamp="2026-05-04T20:21:02.95663503"><testcase classname="dependency-check" name="connection.js"/></testsuite><testsuite failures="0" errors="0" time="0" id="86" name="/home/iyed_mak/Videos/University/ssd/secureshop-devsecops/services/notification-service/node_modules/amqplib/lib/connection.js" package="connection.js" skipped="0" tests="1" timestamp="2026-05-04T20:21:02.95663503"><testcase classname="dependency-check" name="connection.js"/></testsuite><testsuite failures="0" errors="0" time="0" id="87" name="/home/iyed_mak/Videos/University/ssd/secureshop-devsecops/services/notification-service/node_modules/amqplib/test/connection.js" package="connection.js" skipped="0" tests="1" timestamp="2026-05-04T20:21:02.95663503"><testcase classname="dependency-check" name="connection.js"/></testsuite><testsuite failures="0" errors="0" time="0" id="88" name="/home/iyed_mak/Videos/University/ssd/secureshop-devsecops/services/inventory-service/node_modules/braces/lib/constants.js" package="constants.js" skipped="0" tests="1" timestamp="2026-05-04T20:21:02.95663503"><testcase classname="dependency-check" name="constants.js"/></testsuite><testsuite failures="0" errors="0" time="0" id="89" name="/home/iyed_mak/Videos/University/ssd/secureshop-devsecops/services/inventory-service/node_modules/chokidar/lib/constants.js" package="constants.js" skipped="0" tests="1" timestamp="2026-05-04T20:21:02.95663503"><testcase classname="dependency-check" name="constants.js"/></testsuite><testsuite failures="0" errors="0" time="0" id="90" name="/home/iyed_mak/Videos/University/ssd/secureshop-devsecops/services/inventory-service/node_modules/picomatch/lib/constants.js" package="constants.js" skipped="0" tests="1" timestamp="2026-05-04T20:21:02.95663503"><testcase classname="dependency-check" name="constants.js"/></testsuite><testsuite failures="0" errors="0" time="0" id="91" name="/home/iyed_mak/Videos/University/ssd/secureshop-devsecops/services/inventory-service/node_modules/semver/internal/constants.js" package="constants.js" skipped="0" tests="1" timestamp="2026-05-04T20:21:02.95663503"><testcase classname="dependency-check" name="constants.js"/></testsuite><testsuite failures="0" errors="0" time="0" id="92" name="/home/iyed_mak/Videos/University/ssd/secureshop-devsecops/services/notification-service/package-lock.json?express:4.22.1/content-disposition:~0.5.4" package="content-disposition:0.5.4" skipped="0" tests="1" timestamp="2026-05-04T20:21:02.95663503"><testcase classname="dependency-check" name="content-disposition:0.5.4"/></testsuite><testsuite failures="0" errors="0" time="0" id="93" name="/home/iyed_mak/Videos/University/ssd/secureshop-devsecops/services/notification-service/package-lock.json?express:4.22.1/content-type:~1.0.4" package="content-type:1.0.5" skipped="0" tests="1" timestamp="2026-05-04T20:21:02.95663503"><testcase classname="dependency-check" name="content-type:1.0.5"/></testsuite><testsuite failures="0" errors="0" time="0" id="94" name="/home/iyed_mak/Videos/University/ssd/secureshop-devsecops/services/notification-service/package-lock.json?express:4.22.1/cookie-signature:~1.0.6" package="cookie-signature:1.0.7" skipped="0" tests="1" timestamp="2026-05-04T20:21:02.95663503"><testcase classname="dependency-check" name="cookie-signature:1.0.7"/></testsuite><testsuite failures="0" errors="0" time="0" id="95" name="/home/iyed_mak/Videos/University/ssd/secureshop-devsecops/services/notification-service/package-lock.json?express:4.22.1/cookie:~0.7.1" package="cookie:0.7.2" skipped="0" tests="1" timestamp="2026-05-04T20:21:02.95663503"><testcase classname="dependency-check" name="cookie:0.7.2"/></testsuite><testsuite failures="0" errors="0" time="0" id="96" name="/home/iyed_mak/Videos/University/ssd/secureshop-devsecops/services/notification-service/node_modules/nodemailer/lib/fetch/cookies.js" package="cookies.js" skipped="0" tests="1" timestamp="2026-05-04T20:21:02.95663503"><testcase classname="dependency-check" name="cookies.js"/></testsuite><testsuite failures="0" errors="0" time="0" id="97" name="/home/iyed_mak/Videos/University/ssd/secureshop-devsecops/services/inventory-service/node_modules/has-symbols/test/shams/core-js.js" package="core-js.js" skipped="0" tests="1" timestamp="2026-05-04T20:21:02.95663503"><testcase classname="dependency-check" name="core-js.js"/></testsuite><testsuite failures="0" errors="0" time="0" id="98" name="/home/iyed_mak/Videos/University/ssd/secureshop-devsecops/services/notification-service/node_modules/amqplib/lib/credentials.js" package="credentials.js" skipped="0" tests="1" timestamp="2026-05-04T20:21:02.95663503"><testcase classname="dependency-check" name="credentials.js"/></testsuite><testsuite failures="0" errors="0" time="0" id="99" name="/home/iyed_mak/Videos/University/ssd/secureshop-devsecops/services/inventory-service/node_modules/safer-buffer/dangerous.js" package="dangerous.js" skipped="0" tests="1" timestamp="2026-05-04T20:21:02.95663503"><testcase classname="dependency-check" name="dangerous.js"/></testsuite><testsuite failures="0" errors="0" time="0" id="100" name="/home/iyed_mak/Videos/University/ssd/secureshop-devsecops/services/notification-service/node_modules/nodemailer/lib/smtp-connection/data-stream.js" package="data-stream.js" skipped="0" tests="1" timestamp="2026-05-04T20:21:02.95663503"><testcase classname="dependency-check" name="data-stream.js"/></testsuite><testsuite failures="0" errors="0" time="0" id="101" name="/home/iyed_mak/Videos/University/ssd/secureshop-devsecops/services/notification-service/node_modules/amqplib/test/data.js" package="data.js" skipped="0" tests="1" timestamp="2026-05-04T20:21:02.95663503"><testcase classname="dependency-check" name="data.js"/></testsuite><testsuite failures="0" errors="0" time="0" id="102" name="/home/iyed_mak/Videos/University/ssd/secureshop-devsecops/services/inventory-service/node_modules/iconv-lite/encodings/dbcs-codec.js" package="dbcs-codec.js" skipped="0" tests="1" timestamp="2026-05-04T20:21:02.95663503"><testcase classname="dependency-check" name="dbcs-codec.js"/></testsuite><testsuite failures="0" errors="0" time="0" id="103" name="/home/iyed_mak/Videos/University/ssd/secureshop-devsecops/services/inventory-service/node_modules/iconv-lite/encodings/dbcs-data.js" package="dbcs-data.js" skipped="0" tests="1" timestamp="2026-05-04T20:21:02.95663503"><testcase classname="dependency-check" name="dbcs-data.js"/></testsuite><testsuite failures="0" errors="0" time="0" id="104" name="/home/iyed_mak/Videos/University/ssd/secureshop-devsecops/services/inventory-service/node_modules/debug/src/debug.js" package="debug.js" skipped="0" tests="1" timestamp="2026-05-04T20:21:02.95663503"><testcase classname="dependency-check" name="debug.js"/></testsuite><testsuite failures="0" errors="0" time="0" id="105" name="/home/iyed_mak/Videos/University/ssd/secureshop-devsecops/services/inventory-service/node_modules/semver/internal/debug.js" package="debug.js" skipped="0" tests="1" timestamp="2026-05-04T20:21:02.95663503"><testcase classname="dependency-check" name="debug.js"/></testsuite><testsuite failures="0" errors="0" time="0" id="106" name="/home/iyed_mak/Videos/University/ssd/secureshop-devsecops/services/notification-service/package-lock.json?send:0.19.2/debug:2.6.9" package="debug:2.6.9" skipped="0" tests="1" timestamp="2026-05-04T20:21:02.95663503"><testcase classname="dependency-check" name="debug:2.6.9"/></testsuite><testsuite failures="0" errors="0" time="0" id="107" name="/home/iyed_mak/Videos/University/ssd/secureshop-devsecops/services/notification-service/package-lock.json?/debug:4.4.3" package="debug:4.4.3" skipped="0" tests="1" timestamp="2026-05-04T20:21:02.95663503"><testcase classname="dependency-check" name="debug:4.4.3"/></testsuite><testsuite failures="0" errors="0" time="0" id="108" name="/home/iyed_mak/Videos/University/ssd/secureshop-devsecops/services/user-service/venv/lib/python3.13/site-packages/werkzeug/debug/shared/debugger.js" package="debugger.js" skipped="0" tests="1" timestamp="2026-05-04T20:21:02.95663503"><testcase classname="dependency-check" name="debugger.js"/></testsuite><testsuite failures="0" errors="0" time="0" id="109" name="/home/iyed_mak/Videos/University/ssd/secureshop-devsecops/services/inventory-service/node_modules/object-inspect/test/deep.js" package="deep.js" skipped="0" tests="1" timestamp="2026-05-04T20:21:02.95663503"><testcase classname="dependency-check" name="deep.js"/></testsuite><testsuite failures="0" errors="0" time="0" id="110" name="/home/iyed_mak/Videos/University/ssd/secureshop-devsecops/services/inventory-service/node_modules/nodemon/lib/config/defaults.js" package="defaults.js" skipped="0" tests="1" timestamp="2026-05-04T20:21:02.95663503"><testcase classname="dependency-check" name="defaults.js"/></testsuite><testsuite failures="0" errors="0" time="0" id="111" name="/home/iyed_mak/Videos/University/ssd/secureshop-devsecops/services/inventory-service/node_modules/pg/lib/defaults.js" package="defaults.js" skipped="0" tests="1" timestamp="2026-05-04T20:21:02.95663503"><testcase classname="dependency-check" name="defaults.js"/></testsuite><testsuite failures="0" errors="0" time="0" id="112" name="/home/iyed_mak/Videos/University/ssd/secureshop-devsecops/services/notification-service/node_modules/amqplib/lib/defs.js" package="defs.js" skipped="0" tests="1" timestamp="2026-05-04T20:21:02.95663503"><testcase classname="dependency-check" name="defs.js"/></testsuite><testsuite failures="0" errors="0" time="0" id="113" name="/home/iyed_mak/Videos/University/ssd/secureshop-devsecops/services/notification-service/package-lock.json?send:0.19.2/depd:2.0.0" package="depd:2.0.0" skipped="0" tests="1" timestamp="2026-05-04T20:21:02.95663503"><testcase classname="dependency-check" name="depd:2.0.0"/></testsuite><testsuite failures="0" errors="0" time="0" id="114" name="/home/iyed_mak/Videos/University/ssd/secureshop-devsecops/services/notification-service/package-lock.json?send:0.19.2/destroy:1.2.0" package="destroy:1.2.0" skipped="0" tests="1" timestamp="2026-05-04T20:21:02.95663503"><testcase classname="dependency-check" name="destroy:1.2.0"/></testsuite><testsuite failures="0" errors="0" time="0" id="115" name="/home/iyed_mak/Videos/University/ssd/secureshop-devsecops/services/inventory-service/node_modules/semver/functions/diff.js" package="diff.js" skipped="0" tests="1" timestamp="2026-05-04T20:21:02.95663503"><testcase classname="dependency-check" name="diff.js"/></testsuite><testsuite failures="0" errors="0" time="0" id="116" name="/home/iyed_mak/Videos/University/ssd/secureshop-devsecops/services/notification-service/node_modules/amqplib/examples/direct_reply_to_client.js" package="direct_reply_to_client.js" skipped="0" tests="1" timestamp="2026-05-04T20:21:02.95663503"><testcase classname="dependency-check" name="direct_reply_to_client.js"/></testsuite><testsuite failures="0" errors="0" time="0" id="117" name="/home/iyed_mak/Videos/University/ssd/secureshop-devsecops/services/notification-service/node_modules/amqplib/examples/direct_reply_to_server.js" package="direct_reply_to_server.js" skipped="0" tests="1" timestamp="2026-05-04T20:21:02.95663503"><testcase classname="dependency-check" name="direct_reply_to_server.js"/></testsuite><testsuite failures="0" errors="0" time="0" id="118" name="/home/iyed_mak/Videos/University/ssd/secureshop-devsecops/services/inventory-service/node_modules/object-inspect/test/browser/dom.js" package="dom.js" skipped="0" tests="1" timestamp="2026-05-04T20:21:02.95663503"><testcase classname="dependency-check" name="dom.js"/></testsuite><testsuite failures="0" errors="0" time="0" id="119" name="/home/iyed_mak/Videos/University/ssd/secureshop-devsecops/services/notification-service/package-lock.json?get-proto:1.0.1/dunder-proto:^1.0.1" package="dunder-proto:1.0.1" skipped="0" tests="1" timestamp="2026-05-04T20:21:02.95663503"><testcase classname="dependency-check" name="dunder-proto:1.0.1"/></testsuite><testsuite failures="0" errors="0" time="0" id="120" name="/home/iyed_mak/Videos/University/ssd/secureshop-devsecops/services/notification-service/package-lock.json?on-finished:2.4.1/ee-first:1.1.1" package="ee-first:1.1.1" skipped="0" tests="1" timestamp="2026-05-04T20:21:02.95663503"><testcase classname="dependency-check" name="ee-first:1.1.1"/></testsuite><testsuite failures="0" errors="0" time="0" id="121" name="/home/iyed_mak/Videos/University/ssd/secureshop-devsecops/services/inventory-service/node_modules/object-inspect/test/element.js" package="element.js" skipped="0" tests="1" timestamp="2026-05-04T20:21:02.95663503"><testcase classname="dependency-check" name="element.js"/></testsuite><testsuite failures="0" errors="0" time="0" id="122" name="/home/iyed_mak/Videos/University/ssd/secureshop-devsecops/services/notification-service/node_modules/amqplib/examples/tutorials/callback_api/emit_log.js" package="emit_log.js" skipped="0" tests="1" timestamp="2026-05-04T20:21:02.95663503"><testcase classname="dependency-check" name="emit_log.js"/></testsuite><testsuite failures="0" errors="0" time="0" id="123" name="/home/iyed_mak/Videos/University/ssd/secureshop-devsecops/services/notification-service/node_modules/amqplib/examples/tutorials/emit_log.js" package="emit_log.js" skipped="0" tests="1" timestamp="2026-05-04T20:21:02.95663503"><testcase classname="dependency-check" name="emit_log.js"/></testsuite><testsuite failures="0" errors="0" time="0" id="124" name="/home/iyed_mak/Videos/University/ssd/secureshop-devsecops/services/notification-service/node_modules/amqplib/examples/tutorials/callback_api/emit_log_direct.js" package="emit_log_direct.js" skipped="0" tests="1" timestamp="2026-05-04T20:21:02.95663503"><testcase classname="dependency-check" name="emit_log_direct.js"/></testsuite><testsuite failures="0" errors="0" time="0" id="125" name="/home/iyed_mak/Videos/University/ssd/secureshop-devsecops/services/notification-service/node_modules/amqplib/examples/tutorials/emit_log_direct.js" package="emit_log_direct.js" skipped="0" tests="1" timestamp="2026-05-04T20:21:02.95663503"><testcase classname="dependency-check" name="emit_log_direct.js"/></testsuite><testsuite failures="0" errors="0" time="0" id="126" name="/home/iyed_mak/Videos/University/ssd/secureshop-devsecops/services/notification-service/node_modules/amqplib/examples/tutorials/callback_api/emit_log_topic.js" package="emit_log_topic.js" skipped="0" tests="1" timestamp="2026-05-04T20:21:02.95663503"><testcase classname="dependency-check" name="emit_log_topic.js"/></testsuite><testsuite failures="0" errors="0" time="0" id="127" name="/home/iyed_mak/Videos/University/ssd/secureshop-devsecops/services/notification-service/node_modules/amqplib/examples/tutorials/emit_log_topic.js" package="emit_log_topic.js" skipped="0" tests="1" timestamp="2026-05-04T20:21:02.95663503"><testcase classname="dependency-check" name="emit_log_topic.js"/></testsuite><testsuite failures="0" errors="0" time="0" id="128" name="/home/iyed_mak/Videos/University/ssd/secureshop-devsecops/services/inventory-service/node_modules/qs/test/empty-keys-cases.js" package="empty-keys-cases.js" skipped="0" tests="1" timestamp="2026-05-04T20:21:02.95663503"><testcase classname="dependency-check" name="empty-keys-cases.js"/></testsuite><testsuite failures="0" errors="0" time="0" id="129" name="/home/iyed_mak/Videos/University/ssd/secureshop-devsecops/services/inventory-service/node_modules/pg-cloudflare/dist/empty.js" package="empty.js" skipped="0" tests="1" timestamp="2026-05-04T20:21:02.95663503"><testcase classname="dependency-check" name="empty.js"/></testsuite><testsuite failures="0" errors="0" time="0" id="130" name="/home/iyed_mak/Videos/University/ssd/secureshop-devsecops/services/user-service/venv/lib/python3.13/site-packages/urllib3/contrib/emscripten/emscripten_fetch_worker.js" package="emscripten_fetch_worker.js" skipped="0" tests="1" timestamp="2026-05-04T20:21:02.95663503"><testcase classname="dependency-check" name="emscripten_fetch_worker.js"/></testsuite><testsuite failures="0" errors="0" time="0" id="131" name="/home/iyed_mak/Videos/University/ssd/secureshop-devsecops/services/notification-service/package-lock.json?serve-static:1.16.3/encodeurl:~2.0.0" package="encodeurl:2.0.0" skipped="0" tests="1" timestamp="2026-05-04T20:21:02.95663503"><testcase classname="dependency-check" name="encodeurl:2.0.0"/></testsuite><testsuite failures="0" errors="0" time="0" id="132" name="/home/iyed_mak/Videos/University/ssd/secureshop-devsecops/services/inventory-service/node_modules/negotiator/lib/encoding.js" package="encoding.js" skipped="0" tests="1" timestamp="2026-05-04T20:21:02.95663503"><testcase classname="dependency-check" name="encoding.js"/></testsuite><testsuite failures="0" errors="0" time="0" id="133" name="/home/iyed_mak/Videos/University/ssd/secureshop-devsecops/services/inventory-service/node_modules/semver/functions/eq.js" package="eq.js" skipped="0" tests="1" timestamp="2026-05-04T20:21:02.95663503"><testcase classname="dependency-check" name="eq.js"/></testsuite><testsuite failures="0" errors="0" time="0" id="134" name="/home/iyed_mak/Videos/University/ssd/secureshop-devsecops/services/inventory-service/node_modules/object-inspect/test/err.js" package="err.js" skipped="0" tests="1" timestamp="2026-05-04T20:21:02.95663503"><testcase classname="dependency-check" name="err.js"/></testsuite><testsuite failures="0" errors="0" time="0" id="135" name="/home/iyed_mak/Videos/University/ssd/secureshop-devsecops/services/notification-service/node_modules/amqplib/lib/error.js" package="error.js" skipped="0" tests="1" timestamp="2026-05-04T20:21:02.95663503"><testcase classname="dependency-check" name="error.js"/></testsuite><testsuite failures="0" errors="0" time="0" id="136" name="/home/iyed_mak/Videos/University/ssd/secureshop-devsecops/services/notification-service/node_modules/nodemailer/lib/errors.js" package="errors.js" skipped="0" tests="1" timestamp="2026-05-04T20:21:02.95663503"><testcase classname="dependency-check" name="errors.js"/></testsuite><testsuite failures="0" errors="0" time="0" id="137" name="/home/iyed_mak/Videos/University/ssd/secureshop-devsecops/services/notification-service/package-lock.json?get-intrinsic:1.3.0/es-define-property:^1.0.1" package="es-define-property:1.0.1" skipped="0" tests="1" timestamp="2026-05-04T20:21:02.95663503"><testcase classname="dependency-check" name="es-define-property:1.0.1"/></testsuite><testsuite failures="0" errors="0" time="0" id="138" name="/home/iyed_mak/Videos/University/ssd/secureshop-devsecops/services/notification-service/package-lock.json?side-channel-weakmap:1.0.2/es-errors:^1.3.0" package="es-errors:1.3.0" skipped="0" tests="1" timestamp="2026-05-04T20:21:02.95663503"><testcase classname="dependency-check" name="es-errors:1.3.0"/></testsuite><testsuite failures="0" errors="0" time="0" id="139" name="/home/iyed_mak/Videos/University/ssd/secureshop-devsecops/services/notification-service/package-lock.json?get-proto:1.0.1/es-object-atoms:^1.0.0" package="es-object-atoms:1.1.1" skipped="0" tests="1" timestamp="2026-05-04T20:21:02.95663503"><testcase classname="dependency-check" name="es-object-atoms:1.1.1"/></testsuite><testsuite failures="0" errors="0" time="0" id="140" name="/home/iyed_mak/Videos/University/ssd/secureshop-devsecops/services/notification-service/package-lock.json?serve-static:1.16.3/escape-html:~1.0.3" package="escape-html:1.0.3" skipped="0" tests="1" timestamp="2026-05-04T20:21:02.95663503"><testcase classname="dependency-check" name="escape-html:1.0.3"/></testsuite><testsuite failures="0" errors="0" time="0" id="141" name="/home/iyed_mak/Videos/University/ssd/secureshop-devsecops/services/inventory-service/node_modules/minimatch/dist/commonjs/escape.js" package="escape.js" skipped="0" tests="1" timestamp="2026-05-04T20:21:02.95663503"><testcase classname="dependency-check" name="escape.js"/></testsuite><testsuite failures="0" errors="0" time="0" id="142" name="/home/iyed_mak/Videos/University/ssd/secureshop-devsecops/services/inventory-service/node_modules/minimatch/dist/esm/escape.js" package="escape.js" skipped="0" tests="1" timestamp="2026-05-04T20:21:02.95663503"><testcase classname="dependency-check" name="escape.js"/></testsuite><testsuite failures="0" errors="0" time="0" id="143" name="/home/iyed_mak/Videos/University/ssd/secureshop-devsecops/services/notification-service/node_modules/nodemailer/eslint.config.js" package="eslint.config.js" skipped="0" tests="1" timestamp="2026-05-04T20:21:02.95663503"><testcase classname="dependency-check" name="eslint.config.js"/></testsuite><testsuite failures="0" errors="0" time="0" id="144" name="/home/iyed_mak/Videos/University/ssd/secureshop-devsecops/services/notification-service/package-lock.json?send:0.19.2/etag:~1.8.1" package="etag:1.8.1" skipped="0" tests="1" timestamp="2026-05-04T20:21:02.95663503"><testcase classname="dependency-check" name="etag:1.8.1"/></testsuite><testsuite failures="0" errors="0" time="0" id="145" name="/home/iyed_mak/Videos/University/ssd/secureshop-devsecops/services/inventory-service/node_modules/es-errors/eval.js" package="eval.js" skipped="0" tests="1" timestamp="2026-05-04T20:21:02.95663503"><testcase classname="dependency-check" name="eval.js"/></testsuite><testsuite failures="0" errors="0" time="0" id="146" name="/home/iyed_mak/Videos/University/ssd/secureshop-devsecops/services/inventory-service/node_modules/undefsafe/example.js" package="example.js" skipped="0" tests="1" timestamp="2026-05-04T20:21:02.95663503"><testcase classname="dependency-check" name="example.js"/></testsuite><testsuite failures="0" errors="0" time="0" id="147" name="/home/iyed_mak/Videos/University/ssd/secureshop-devsecops/services/inventory-service/node_modules/nodemon/lib/config/exec.js" package="exec.js" skipped="0" tests="1" timestamp="2026-05-04T20:21:02.95663503"><testcase classname="dependency-check" name="exec.js"/></testsuite><testsuite failures="0" errors="0" time="0" id="148" name="/home/iyed_mak/Videos/University/ssd/secureshop-devsecops/services/inventory-service/node_modules/braces/lib/expand.js" package="expand.js" skipped="0" tests="1" timestamp="2026-05-04T20:21:02.95663503"><testcase classname="dependency-check" name="expand.js"/></testsuite><testsuite failures="0" errors="0" time="0" id="149" name="/home/iyed_mak/Videos/University/ssd/secureshop-devsecops/services/inventory-service/node_modules/express/lib/express.js" package="express.js" skipped="0" tests="1" timestamp="2026-05-04T20:21:02.95663503"><testcase classname="dependency-check" name="express.js"/></testsuite><testsuite failures="0" errors="0" time="0" id="150" name="/home/iyed_mak/Videos/University/ssd/secureshop-devsecops/services/notification-service/package-lock.json?/express:4.22.1" package="express:4.22.1" skipped="0" tests="1" timestamp="2026-05-04T20:21:02.95663503"><testcase classname="dependency-check" name="express:4.22.1"/></testsuite><testsuite failures="0" errors="0" time="0" id="151" name="/home/iyed_mak/Videos/University/ssd/secureshop-devsecops/services/inventory-service/node_modules/iconv-lite/lib/extend-node.js" package="extend-node.js" skipped="0" tests="1" timestamp="2026-05-04T20:21:02.95663503"><testcase classname="dependency-check" name="extend-node.js"/></testsuite><testsuite failures="0" errors="0" time="0" id="152" name="/home/iyed_mak/Videos/University/ssd/secureshop-devsecops/services/inventory-service/node_modules/object-inspect/test/fakes.js" package="fakes.js" skipped="0" tests="1" timestamp="2026-05-04T20:21:02.95663503"><testcase classname="dependency-check" name="fakes.js"/></testsuite><testsuite failures="0" errors="0" time="0" id="153" name="/home/iyed_mak/Videos/University/ssd/secureshop-devsecops/services/notification-service/package-lock.json?/fill-range:7.1.1" package="fill-range:7.1.1" skipped="0" tests="1" timestamp="2026-05-04T20:21:02.95663503"><testcase classname="dependency-check" name="fill-range:7.1.1"/></testsuite><testsuite failures="0" errors="0" time="0" id="154" name="/home/iyed_mak/Videos/University/ssd/secureshop-devsecops/services/notification-service/package-lock.json?/finalhandler:1.3.2" package="finalhandler:1.3.2" skipped="0" tests="1" timestamp="2026-05-04T20:21:02.95663503"><testcase classname="dependency-check" name="finalhandler:1.3.2"/></testsuite><testsuite failures="0" errors="0" time="0" id="155" name="/home/iyed_mak/Videos/University/ssd/secureshop-devsecops/services/inventory-service/node_modules/math-intrinsics/floor.js" package="floor.js" skipped="0" tests="1" timestamp="2026-05-04T20:21:02.95663503"><testcase classname="dependency-check" name="floor.js"/></testsuite><testsuite failures="0" errors="0" time="0" id="156" name="/home/iyed_mak/Videos/University/ssd/secureshop-devsecops/services/inventory-service/node_modules/object-inspect/example/fn.js" package="fn.js" skipped="0" tests="1" timestamp="2026-05-04T20:21:02.95663503"><testcase classname="dependency-check" name="fn.js"/></testsuite><testsuite failures="0" errors="0" time="0" id="157" name="/home/iyed_mak/Videos/University/ssd/secureshop-devsecops/services/inventory-service/node_modules/object-inspect/test/fn.js" package="fn.js" skipped="0" tests="1" timestamp="2026-05-04T20:21:02.95663503"><testcase classname="dependency-check" name="fn.js"/></testsuite><testsuite failures="0" errors="0" time="0" id="158" name="/home/iyed_mak/Videos/University/ssd/secureshop-devsecops/services/notification-service/node_modules/amqplib/lib/format.js" package="format.js" skipped="0" tests="1" timestamp="2026-05-04T20:21:02.95663503"><testcase classname="dependency-check" name="format.js"/></testsuite><testsuite failures="0" errors="0" time="0" id="159" name="/home/iyed_mak/Videos/University/ssd/secureshop-devsecops/services/inventory-service/node_modules/qs/lib/formats.js" package="formats.js" skipped="0" tests="1" timestamp="2026-05-04T20:21:02.95663503"><testcase classname="dependency-check" name="formats.js"/></testsuite><testsuite failures="0" errors="0" time="0" id="160" name="/home/iyed_mak/Videos/University/ssd/secureshop-devsecops/services/notification-service/package-lock.json?proxy-addr:2.0.7/forwarded:0.2.0" package="forwarded:0.2.0" skipped="0" tests="1" timestamp="2026-05-04T20:21:02.95663503"><testcase classname="dependency-check" name="forwarded:0.2.0"/></testsuite><testsuite failures="0" errors="0" time="0" id="161" name="/home/iyed_mak/Videos/University/ssd/secureshop-devsecops/services/notification-service/node_modules/amqplib/lib/frame.js" package="frame.js" skipped="0" tests="1" timestamp="2026-05-04T20:21:02.95663503"><testcase classname="dependency-check" name="frame.js"/></testsuite><testsuite failures="0" errors="0" time="0" id="162" name="/home/iyed_mak/Videos/University/ssd/secureshop-devsecops/services/notification-service/node_modules/amqplib/test/frame.js" package="frame.js" skipped="0" tests="1" timestamp="2026-05-04T20:21:02.95663503"><testcase classname="dependency-check" name="frame.js"/></testsuite><testsuite failures="0" errors="0" time="0" id="163" name="/home/iyed_mak/Videos/University/ssd/secureshop-devsecops/services/notification-service/package-lock.json?send:0.19.2/fresh:~0.5.2" package="fresh:0.5.2" skipped="0" tests="1" timestamp="2026-05-04T20:21:02.95663503"><testcase classname="dependency-check" name="fresh:0.5.2"/></testsuite><testsuite failures="0" errors="0" time="0" id="164" name="/home/iyed_mak/Videos/University/ssd/secureshop-devsecops/services/inventory-service/node_modules/chokidar/lib/fsevents-handler.js" package="fsevents-handler.js" skipped="0" tests="1" timestamp="2026-05-04T20:21:02.95663503"><testcase classname="dependency-check" name="fsevents-handler.js"/></testsuite><testsuite failures="0" errors="0" time="0" id="165" name="/home/iyed_mak/Videos/University/ssd/secureshop-devsecops/services/notification-service/package-lock.json?hasown:2.0.3/function-bind:^1.1.2" package="function-bind:1.1.2" skipped="0" tests="1" timestamp="2026-05-04T20:21:02.95663503"><testcase classname="dependency-check" name="function-bind:1.1.2"/></testsuite><testsuite failures="0" errors="0" time="0" id="166" name="/home/iyed_mak/Videos/University/ssd/secureshop-devsecops/services/inventory-service/node_modules/call-bind-apply-helpers/functionApply.js" package="functionApply.js" skipped="0" tests="1" timestamp="2026-05-04T20:21:02.95663503"><testcase classname="dependency-check" name="functionApply.js"/></testsuite><testsuite failures="0" errors="0" time="0" id="167" name="/home/iyed_mak/Videos/University/ssd/secureshop-devsecops/services/inventory-service/node_modules/call-bind-apply-helpers/functionCall.js" package="functionCall.js" skipped="0" tests="1" timestamp="2026-05-04T20:21:02.95663503"><testcase classname="dependency-check" name="functionCall.js"/></testsuite><testsuite failures="0" errors="0" time="0" id="168" name="/home/iyed_mak/Videos/University/ssd/secureshop-devsecops/services/inventory-service/node_modules/gopd/gOPD.js" package="gOPD.js" skipped="0" tests="1" timestamp="2026-05-04T20:21:02.95663503"><testcase classname="dependency-check" name="gOPD.js"/></testsuite><testsuite failures="0" errors="0" time="0" id="169" name="/home/iyed_mak/Videos/University/ssd/secureshop-devsecops/services/notification-service/node_modules/amqplib/bin/generate-defs.js" package="generate-defs.js" skipped="0" tests="1" timestamp="2026-05-04T20:21:02.95663503"><testcase classname="dependency-check" name="generate-defs.js"/></testsuite><testsuite failures="0" errors="0" time="0" id="170" name="/home/iyed_mak/Videos/University/ssd/secureshop-devsecops/services/notification-service/package-lock.json?side-channel-weakmap:1.0.2/get-intrinsic:^1.2.5" package="get-intrinsic:1.3.0" skipped="0" tests="1" timestamp="2026-05-04T20:21:02.95663503"><testcase classname="dependency-check" name="get-intrinsic:1.3.0"/></testsuite><testsuite failures="0" errors="0" time="0" id="171" name="/home/iyed_mak/Videos/University/ssd/secureshop-devsecops/services/inventory-service/node_modules/has-symbols/test/shams/get-own-property-symbols.js" package="get-own-property-symbols.js" skipped="0" tests="1" timestamp="2026-05-04T20:21:02.95663503"><testcase classname="dependency-check" name="get-own-property-symbols.js"/></testsuite><testsuite failures="0" errors="0" time="0" id="172" name="/home/iyed_mak/Videos/University/ssd/secureshop-devsecops/services/notification-service/package-lock.json?/get-proto:1.0.1" package="get-proto:1.0.1" skipped="0" tests="1" timestamp="2026-05-04T20:21:02.95663503"><testcase classname="dependency-check" name="get-proto:1.0.1"/></testsuite><testsuite failures="0" errors="0" time="0" id="173" name="/home/iyed_mak/Videos/University/ssd/secureshop-devsecops/services/inventory-service/node_modules/dunder-proto/get.js" package="get.js" skipped="0" tests="1" timestamp="2026-05-04T20:21:02.95663503"><testcase classname="dependency-check" name="get.js"/></testsuite><testsuite failures="0" errors="0" time="0" id="174" name="/home/iyed_mak/Videos/University/ssd/secureshop-devsecops/services/inventory-service/node_modules/dunder-proto/test/get.js" package="get.js" skipped="0" tests="1" timestamp="2026-05-04T20:21:02.95663503"><testcase classname="dependency-check" name="get.js"/></testsuite><testsuite failures="0" errors="0" time="0" id="175" name="/home/iyed_mak/Videos/University/ssd/secureshop-devsecops/services/notification-service/package-lock.json?/glob-parent:5.1.2" package="glob-parent:5.1.2" skipped="0" tests="1" timestamp="2026-05-04T20:21:02.95663503"><testcase classname="dependency-check" name="glob-parent:5.1.2"/></testsuite><testsuite failures="0" errors="0" time="0" id="176" name="/home/iyed_mak/Videos/University/ssd/secureshop-devsecops/services/inventory-service/node_modules/object-inspect/test/global.js" package="global.js" skipped="0" tests="1" timestamp="2026-05-04T20:21:02.95663503"><testcase classname="dependency-check" name="global.js"/></testsuite><testsuite failures="0" errors="0" time="0" id="177" name="/home/iyed_mak/Videos/University/ssd/secureshop-devsecops/services/notification-service/package-lock.json?/gopd:1.2.0" package="gopd:1.2.0" skipped="0" tests="1" timestamp="2026-05-04T20:21:02.95663503"><testcase classname="dependency-check" name="gopd:1.2.0"/></testsuite><testsuite failures="0" errors="0" time="0" id="178" name="/home/iyed_mak/Videos/University/ssd/secureshop-devsecops/services/inventory-service/node_modules/semver/functions/gt.js" package="gt.js" skipped="0" tests="1" timestamp="2026-05-04T20:21:02.95663503"><testcase classname="dependency-check" name="gt.js"/></testsuite><testsuite failures="0" errors="0" time="0" id="179" name="/home/iyed_mak/Videos/University/ssd/secureshop-devsecops/services/inventory-service/node_modules/semver/functions/gte.js" package="gte.js" skipped="0" tests="1" timestamp="2026-05-04T20:21:02.95663503"><testcase classname="dependency-check" name="gte.js"/></testsuite><testsuite failures="0" errors="0" time="0" id="180" name="/home/iyed_mak/Videos/University/ssd/secureshop-devsecops/services/inventory-service/node_modules/semver/ranges/gtr.js" package="gtr.js" skipped="0" tests="1" timestamp="2026-05-04T20:21:02.95663503"><testcase classname="dependency-check" name="gtr.js"/></testsuite><testsuite failures="0" errors="0" time="0" id="181" name="/home/iyed_mak/Videos/University/ssd/secureshop-devsecops/services/notification-service/package-lock.json?supports-color:5.5.0/has-flag:^3.0.0" package="has-flag:3.0.0" skipped="0" tests="1" timestamp="2026-05-04T20:21:02.95663503"><testcase classname="dependency-check" name="has-flag:3.0.0"/></testsuite><testsuite failures="0" errors="0" time="0" id="182" name="/home/iyed_mak/Videos/University/ssd/secureshop-devsecops/services/notification-service/package-lock.json?/has-symbols:1.1.0" package="has-symbols:1.1.0" skipped="0" tests="1" timestamp="2026-05-04T20:21:02.95663503"><testcase classname="dependency-check" name="has-symbols:1.1.0"/></testsuite><testsuite failures="0" errors="0" time="0" id="183" name="/home/iyed_mak/Videos/University/ssd/secureshop-devsecops/services/inventory-service/node_modules/object-inspect/test/has.js" package="has.js" skipped="0" tests="1" timestamp="2026-05-04T20:21:02.95663503"><testcase classname="dependency-check" name="has.js"/></testsuite><testsuite failures="0" errors="0" time="0" id="184" name="/home/iyed_mak/Videos/University/ssd/secureshop-devsecops/services/notification-service/package-lock.json?/hasown:2.0.3" package="hasown:2.0.3" skipped="0" tests="1" timestamp="2026-05-04T20:21:02.95663503"><testcase classname="dependency-check" name="hasown:2.0.3"/></testsuite><testsuite failures="0" errors="0" time="0" id="185" name="/home/iyed_mak/Videos/University/ssd/secureshop-devsecops/services/notification-service/node_modules/amqplib/examples/headers.js" package="headers.js" skipped="0" tests="1" timestamp="2026-05-04T20:21:02.95663503"><testcase classname="dependency-check" name="headers.js"/></testsuite><testsuite failures="0" errors="0" time="0" id="186" name="/home/iyed_mak/Videos/University/ssd/secureshop-devsecops/services/notification-service/node_modules/amqplib/lib/heartbeat.js" package="heartbeat.js" skipped="0" tests="1" timestamp="2026-05-04T20:21:02.95663503"><testcase classname="dependency-check" name="heartbeat.js"/></testsuite><testsuite failures="0" errors="0" time="0" id="187" name="/home/iyed_mak/Videos/University/ssd/secureshop-devsecops/services/inventory-service/node_modules/pgpass/lib/helper.js" package="helper.js" skipped="0" tests="1" timestamp="2026-05-04T20:21:02.95663503"><testcase classname="dependency-check" name="helper.js"/></testsuite><testsuite failures="0" errors="0" time="0" id="188" name="/home/iyed_mak/Videos/University/ssd/secureshop-devsecops/services/inventory-service/node_modules/object-inspect/test/holes.js" package="holes.js" skipped="0" tests="1" timestamp="2026-05-04T20:21:02.95663503"><testcase classname="dependency-check" name="holes.js"/></testsuite><testsuite failures="0" errors="0" time="0" id="189" name="/home/iyed_mak/Videos/University/ssd/secureshop-devsecops/services/notification-service/package-lock.json?send:0.19.2/http-errors:~2.0.1" package="http-errors:2.0.1" skipped="0" tests="1" timestamp="2026-05-04T20:21:02.95663503"><testcase classname="dependency-check" name="http-errors:2.0.1"/></testsuite><testsuite failures="0" errors="0" time="0" id="190" name="/home/iyed_mak/Videos/University/ssd/secureshop-devsecops/services/notification-service/node_modules/nodemailer/lib/smtp-connection/http-proxy-client.js" package="http-proxy-client.js" skipped="0" tests="1" timestamp="2026-05-04T20:21:02.95663503"><testcase classname="dependency-check" name="http-proxy-client.js"/></testsuite><testsuite failures="0" errors="0" time="0" id="191" name="/home/iyed_mak/Videos/University/ssd/secureshop-devsecops/services/notification-service/package-lock.json?raw-body:2.5.3/iconv-lite:~0.4.24" package="iconv-lite:0.4.24" skipped="0" tests="1" timestamp="2026-05-04T20:21:02.95663503"><testcase classname="dependency-check" name="iconv-lite:0.4.24"/></testsuite><testsuite failures="0" errors="0" time="0" id="192" name="/home/iyed_mak/Videos/University/ssd/secureshop-devsecops/services/inventory-service/node_modules/semver/internal/identifiers.js" package="identifiers.js" skipped="0" tests="1" timestamp="2026-05-04T20:21:02.95663503"><testcase classname="dependency-check" name="identifiers.js"/></testsuite><testsuite failures="0" errors="0" time="0" id="193" name="/home/iyed_mak/Videos/University/ssd/secureshop-devsecops/services/notification-service/package-lock.json?nodemon:3.1.14/ignore-by-default:^1.0.1" package="ignore-by-default:1.0.1" skipped="0" tests="1" timestamp="2026-05-04T20:21:02.95663503"><testcase classname="dependency-check" name="ignore-by-default:1.0.1"/></testsuite><testsuite failures="0" errors="0" time="0" id="194" name="/home/iyed_mak/Videos/University/ssd/secureshop-devsecops/services/inventory-service/node_modules/xtend/immutable.js" package="immutable.js" skipped="0" tests="1" timestamp="2026-05-04T20:21:02.95663503"><testcase classname="dependency-check" name="immutable.js"/></testsuite><testsuite failures="0" errors="0" time="0" id="195" name="/home/iyed_mak/Videos/University/ssd/secureshop-devsecops/services/inventory-service/node_modules/function-bind/implementation.js" package="implementation.js" skipped="0" tests="1" timestamp="2026-05-04T20:21:02.95663503"><testcase classname="dependency-check" name="implementation.js"/></testsuite><testsuite failures="0" errors="0" time="0" id="196" name="/home/iyed_mak/Videos/University/ssd/secureshop-devsecops/services/inventory-service/node_modules/pg-protocol/dist/inbound-parser.test.js" package="inbound-parser.test.js" skipped="0" tests="1" timestamp="2026-05-04T20:21:02.95663503"><testcase classname="dependency-check" name="inbound-parser.test.js"/></testsuite><testsuite failures="0" errors="0" time="0" id="197" name="/home/iyed_mak/Videos/University/ssd/secureshop-devsecops/services/inventory-service/node_modules/semver/functions/inc.js" package="inc.js" skipped="0" tests="1" timestamp="2026-05-04T20:21:02.95663503"><testcase classname="dependency-check" name="inc.js"/></testsuite><testsuite failures="0" errors="0" time="0" id="198" name="/home/iyed_mak/Videos/University/ssd/secureshop-devsecops/services/inventory-service/node_modules/object-inspect/test/indent-option.js" package="indent-option.js" skipped="0" tests="1" timestamp="2026-05-04T20:21:02.95663503"><testcase classname="dependency-check" name="indent-option.js"/></testsuite><testsuite failures="0" errors="0" time="0" id="199" name="/home/iyed_mak/Videos/University/ssd/secureshop-devsecops/services/inventory-service/node_modules/accepts/index.js" package="index.js" skipped="0" tests="1" timestamp="2026-05-04T20:21:02.95663503"><testcase classname="dependency-check" name="index.js"/></testsuite><testsuite failures="0" errors="0" time="0" id="200" name="/home/iyed_mak/Videos/University/ssd/secureshop-devsecops/services/inventory-service/node_modules/anymatch/index.js" package="index.js" skipped="0" tests="1" timestamp="2026-05-04T20:21:02.95663503"><testcase classname="dependency-check" name="index.js"/></testsuite><testsuite failures="0" errors="0" time="0" id="201" name="/home/iyed_mak/Videos/University/ssd/secureshop-devsecops/services/inventory-service/node_modules/balanced-match/dist/commonjs/index.js" package="index.js" skipped="0" tests="1" timestamp="2026-05-04T20:21:02.95663503"><testcase classname="dependency-check" name="index.js"/></testsuite><testsuite failures="0" errors="0" time="0" id="202" name="/home/iyed_mak/Videos/University/ssd/secureshop-devsecops/services/inventory-service/node_modules/balanced-match/dist/esm/index.js" package="index.js" skipped="0" tests="1" timestamp="2026-05-04T20:21:02.95663503"><testcase classname="dependency-check" name="index.js"/></testsuite><testsuite failures="0" errors="0" time="0" id="203" name="/home/iyed_mak/Videos/University/ssd/secureshop-devsecops/services/inventory-service/node_modules/binary-extensions/index.js" package="index.js" skipped="0" tests="1" timestamp="2026-05-04T20:21:02.95663503"><testcase classname="dependency-check" name="index.js"/></testsuite><testsuite failures="0" errors="0" time="0" id="204" name="/home/iyed_mak/Videos/University/ssd/secureshop-devsecops/services/inventory-service/node_modules/body-parser/index.js" package="index.js" skipped="0" tests="1" timestamp="2026-05-04T20:21:02.95663503"><testcase classname="dependency-check" name="index.js"/></testsuite><testsuite failures="0" errors="0" time="0" id="205" name="/home/iyed_mak/Videos/University/ssd/secureshop-devsecops/services/inventory-service/node_modules/brace-expansion/dist/commonjs/index.js" package="index.js" skipped="0" tests="1" timestamp="2026-05-04T20:21:02.95663503"><testcase classname="dependency-check" name="index.js"/></testsuite><testsuite failures="0" errors="0" time="0" id="206" name="/home/iyed_mak/Videos/University/ssd/secureshop-devsecops/services/inventory-service/node_modules/brace-expansion/dist/esm/index.js" package="index.js" skipped="0" tests="1" timestamp="2026-05-04T20:21:02.95663503"><testcase classname="dependency-check" name="index.js"/></testsuite><testsuite failures="0" errors="0" time="0" id="207" name="/home/iyed_mak/Videos/University/ssd/secureshop-devsecops/services/inventory-service/node_modules/braces/index.js" package="index.js" skipped="0" tests="1" timestamp="2026-05-04T20:21:02.95663503"><testcase classname="dependency-check" name="index.js"/></testsuite><testsuite failures="0" errors="0" time="0" id="208" name="/home/iyed_mak/Videos/University/ssd/secureshop-devsecops/services/inventory-service/node_modules/bytes/index.js" package="index.js" skipped="0" tests="1" timestamp="2026-05-04T20:21:02.95663503"><testcase classname="dependency-check" name="index.js"/></testsuite><testsuite failures="0" errors="0" time="0" id="209" name="/home/iyed_mak/Videos/University/ssd/secureshop-devsecops/services/inventory-service/node_modules/call-bind-apply-helpers/index.js" package="index.js" skipped="0" tests="1" timestamp="2026-05-04T20:21:02.95663503"><testcase classname="dependency-check" name="index.js"/></testsuite><testsuite failures="0" errors="0" time="0" id="210" name="/home/iyed_mak/Videos/University/ssd/secureshop-devsecops/services/inventory-service/node_modules/call-bind-apply-helpers/test/index.js" package="index.js" skipped="0" tests="1" timestamp="2026-05-04T20:21:02.95663503"><testcase classname="dependency-check" name="index.js"/></testsuite><testsuite failures="0" errors="0" time="0" id="211" name="/home/iyed_mak/Videos/University/ssd/secureshop-devsecops/services/inventory-service/node_modules/call-bound/index.js" package="index.js" skipped="0" tests="1" timestamp="2026-05-04T20:21:02.95663503"><testcase classname="dependency-check" name="index.js"/></testsuite><testsuite failures="0" errors="0" time="0" id="212" name="/home/iyed_mak/Videos/University/ssd/secureshop-devsecops/services/inventory-service/node_modules/call-bound/test/index.js" package="index.js" skipped="0" tests="1" timestamp="2026-05-04T20:21:02.95663503"><testcase classname="dependency-check" name="index.js"/></testsuite><testsuite failures="0" errors="0" time="0" id="213" name="/home/iyed_mak/Videos/University/ssd/secureshop-devsecops/services/inventory-service/node_modules/chokidar/index.js" package="index.js" skipped="0" tests="1" timestamp="2026-05-04T20:21:02.95663503"><testcase classname="dependency-check" name="index.js"/></testsuite><testsuite failures="0" errors="0" time="0" id="214" name="/home/iyed_mak/Videos/University/ssd/secureshop-devsecops/services/inventory-service/node_modules/content-disposition/index.js" package="index.js" skipped="0" tests="1" timestamp="2026-05-04T20:21:02.95663503"><testcase classname="dependency-check" name="index.js"/></testsuite><testsuite failures="0" errors="0" time="0" id="215" name="/home/iyed_mak/Videos/University/ssd/secureshop-devsecops/services/inventory-service/node_modules/content-type/index.js" package="index.js" skipped="0" tests="1" timestamp="2026-05-04T20:21:02.95663503"><testcase classname="dependency-check" name="index.js"/></testsuite><testsuite failures="0" errors="0" time="0" id="216" name="/home/iyed_mak/Videos/University/ssd/secureshop-devsecops/services/inventory-service/node_modules/cookie-signature/index.js" package="index.js" skipped="0" tests="1" timestamp="2026-05-04T20:21:02.95663503"><testcase classname="dependency-check" name="index.js"/></testsuite><testsuite failures="0" errors="0" time="0" id="217" name="/home/iyed_mak/Videos/University/ssd/secureshop-devsecops/services/inventory-service/node_modules/cookie/index.js" package="index.js" skipped="0" tests="1" timestamp="2026-05-04T20:21:02.95663503"><testcase classname="dependency-check" name="index.js"/></testsuite><testsuite failures="0" errors="0" time="0" id="218" name="/home/iyed_mak/Videos/University/ssd/secureshop-devsecops/services/inventory-service/node_modules/debug/src/index.js" package="index.js" skipped="0" tests="1" timestamp="2026-05-04T20:21:02.95663503"><testcase classname="dependency-check" name="index.js"/></testsuite><testsuite failures="0" errors="0" time="0" id="219" name="/home/iyed_mak/Videos/University/ssd/secureshop-devsecops/services/inventory-service/node_modules/depd/index.js" package="index.js" skipped="0" tests="1" timestamp="2026-05-04T20:21:02.95663503"><testcase classname="dependency-check" name="index.js"/></testsuite><testsuite failures="0" errors="0" time="0" id="220" name="/home/iyed_mak/Videos/University/ssd/secureshop-devsecops/services/inventory-service/node_modules/depd/lib/browser/index.js" package="index.js" skipped="0" tests="1" timestamp="2026-05-04T20:21:02.95663503"><testcase classname="dependency-check" name="index.js"/></testsuite><testsuite failures="0" errors="0" time="0" id="221" name="/home/iyed_mak/Videos/University/ssd/secureshop-devsecops/services/inventory-service/node_modules/destroy/index.js" package="index.js" skipped="0" tests="1" timestamp="2026-05-04T20:21:02.95663503"><testcase classname="dependency-check" name="index.js"/></testsuite><testsuite failures="0" errors="0" time="0" id="222" name="/home/iyed_mak/Videos/University/ssd/secureshop-devsecops/services/inventory-service/node_modules/dunder-proto/test/index.js" package="index.js" skipped="0" tests="1" timestamp="2026-05-04T20:21:02.95663503"><testcase classname="dependency-check" name="index.js"/></testsuite><testsuite failures="0" errors="0" time="0" id="223" name="/home/iyed_mak/Videos/University/ssd/secureshop-devsecops/services/inventory-service/node_modules/ee-first/index.js" package="index.js" skipped="0" tests="1" timestamp="2026-05-04T20:21:02.95663503"><testcase classname="dependency-check" name="index.js"/></testsuite><testsuite failures="0" errors="0" time="0" id="224" name="/home/iyed_mak/Videos/University/ssd/secureshop-devsecops/services/inventory-service/node_modules/encodeurl/index.js" package="index.js" skipped="0" tests="1" timestamp="2026-05-04T20:21:02.95663503"><testcase classname="dependency-check" name="index.js"/></testsuite><testsuite failures="0" errors="0" time="0" id="225" name="/home/iyed_mak/Videos/University/ssd/secureshop-devsecops/services/inventory-service/node_modules/es-define-property/index.js" package="index.js" skipped="0" tests="1" timestamp="2026-05-04T20:21:02.95663503"><testcase classname="dependency-check" name="index.js"/></testsuite><testsuite failures="0" errors="0" time="0" id="226" name="/home/iyed_mak/Videos/University/ssd/secureshop-devsecops/services/inventory-service/node_modules/es-define-property/test/index.js" package="index.js" skipped="0" tests="1" timestamp="2026-05-04T20:21:02.95663503"><testcase classname="dependency-check" name="index.js"/></testsuite><testsuite failures="0" errors="0" time="0" id="227" name="/home/iyed_mak/Videos/University/ssd/secureshop-devsecops/services/inventory-service/node_modules/es-errors/index.js" package="index.js" skipped="0" tests="1" timestamp="2026-05-04T20:21:02.95663503"><testcase classname="dependency-check" name="index.js"/></testsuite><testsuite failures="0" errors="0" time="0" id="228" name="/home/iyed_mak/Videos/University/ssd/secureshop-devsecops/services/inventory-service/node_modules/es-errors/test/index.js" package="index.js" skipped="0" tests="1" timestamp="2026-05-04T20:21:02.95663503"><testcase classname="dependency-check" name="index.js"/></testsuite><testsuite failures="0" errors="0" time="0" id="229" name="/home/iyed_mak/Videos/University/ssd/secureshop-devsecops/services/inventory-service/node_modules/es-object-atoms/index.js" package="index.js" skipped="0" tests="1" timestamp="2026-05-04T20:21:02.95663503"><testcase clas
[...]
/test.js" package="test.js" skipped="0" tests="1" timestamp="2026-05-04T20:21:02.95663503"><testcase classname="dependency-check" name="test.js"/></testsuite><testsuite failures="0" errors="0" time="0" id="577" name="/home/iyed_mak/Videos/University/ssd/secureshop-devsecops/services/notification-service/node_modules/requires-port/test.js" package="test.js" skipped="0" tests="1" timestamp="2026-05-04T20:21:02.95663503"><testcase classname="dependency-check" name="test.js"/></testsuite><testsuite failures="0" errors="0" time="0" id="578" name="/home/iyed_mak/Videos/University/ssd/secureshop-devsecops/services/inventory-service/node_modules/has-symbols/test/tests.js" package="tests.js" skipped="0" tests="1" timestamp="2026-05-04T20:21:02.95663503"><testcase classname="dependency-check" name="tests.js"/></testsuite><testsuite failures="0" errors="0" time="0" id="579" name="/home/iyed_mak/Videos/University/ssd/secureshop-devsecops/services/inventory-service/node_modules/safer-buffer/tests.js" package="tests.js" skipped="0" tests="1" timestamp="2026-05-04T20:21:02.95663503"><testcase classname="dependency-check" name="tests.js"/></testsuite><testsuite failures="0" errors="0" time="0" id="580" name="/home/iyed_mak/Videos/University/ssd/secureshop-devsecops/services/inventory-service/node_modules/body-parser/lib/types/text.js" package="text.js" skipped="0" tests="1" timestamp="2026-05-04T20:21:02.95663503"><testcase classname="dependency-check" name="text.js"/></testsuite><testsuite failures="0" errors="0" time="0" id="581" name="/home/iyed_mak/Videos/University/ssd/secureshop-devsecops/services/inventory-service/node_modules/pg-types/lib/textParsers.js" package="textParsers.js" skipped="0" tests="1" timestamp="2026-05-04T20:21:02.95663503"><testcase classname="dependency-check" name="textParsers.js"/></testsuite><testsuite failures="0" errors="0" time="0" id="582" name="/home/iyed_mak/Videos/University/ssd/secureshop-devsecops/services/inventory-service/node_modules/semver/ranges/to-comparators.js" package="to-comparators.js" skipped="0" tests="1" timestamp="2026-05-04T20:21:02.95663503"><testcase classname="dependency-check" name="to-comparators.js"/></testsuite><testsuite failures="0" errors="0" time="0" id="583" name="/home/iyed_mak/Videos/University/ssd/secureshop-devsecops/services/notification-service/package-lock.json?/to-regex-range:5.0.1" package="to-regex-range:5.0.1" skipped="0" tests="1" timestamp="2026-05-04T20:21:02.95663503"><testcase classname="dependency-check" name="to-regex-range:5.0.1"/></testsuite><testsuite failures="0" errors="0" time="0" id="584" name="/home/iyed_mak/Videos/University/ssd/secureshop-devsecops/services/inventory-service/node_modules/object-inspect/test/toStringTag.js" package="toStringTag.js" skipped="0" tests="1" timestamp="2026-05-04T20:21:02.95663503"><testcase classname="dependency-check" name="toStringTag.js"/></testsuite><testsuite failures="0" errors="0" time="0" id="585" name="/home/iyed_mak/Videos/University/ssd/secureshop-devsecops/services/notification-service/package-lock.json?/toidentifier:1.0.1" package="toidentifier:1.0.1" skipped="0" tests="1" timestamp="2026-05-04T20:21:02.95663503"><testcase classname="dependency-check" name="toidentifier:1.0.1"/></testsuite><testsuite failures="0" errors="0" time="0" id="586" name="/home/iyed_mak/Videos/University/ssd/secureshop-devsecops/services/notification-service/package-lock.json?/touch:3.1.1" package="touch:3.1.1" skipped="0" tests="1" timestamp="2026-05-04T20:21:02.95663503"><testcase classname="dependency-check" name="touch:3.1.1"/></testsuite><testsuite failures="0" errors="0" time="0" id="587" name="/home/iyed_mak/Videos/University/ssd/secureshop-devsecops/services/inventory-service/node_modules/pstree.remy/lib/tree.js" package="tree.js" skipped="0" tests="1" timestamp="2026-05-04T20:21:02.95663503"><testcase classname="dependency-check" name="tree.js"/></testsuite><testsuite failures="0" errors="0" time="0" id="588" name="/home/iyed_mak/Videos/University/ssd/secureshop-devsecops/services/notification-service/package-lock.json?/type-is:1.6.18" package="type-is:1.6.18" skipped="0" tests="1" timestamp="2026-05-04T20:21:02.95663503"><testcase classname="dependency-check" name="type-is:1.6.18"/></testsuite><testsuite failures="0" errors="0" time="0" id="589" name="/home/iyed_mak/Videos/University/ssd/secureshop-devsecops/services/inventory-service/node_modules/pg/lib/type-overrides.js" package="type-overrides.js" skipped="0" tests="1" timestamp="2026-05-04T20:21:02.95663503"><testcase classname="dependency-check" name="type-overrides.js"/></testsuite><testsuite failures="0" errors="0" time="0" id="590" name="/home/iyed_mak/Videos/University/ssd/secureshop-devsecops/services/inventory-service/node_modules/es-errors/type.js" package="type.js" skipped="0" tests="1" timestamp="2026-05-04T20:21:02.95663503"><testcase classname="dependency-check" name="type.js"/></testsuite><testsuite failures="0" errors="0" time="0" id="591" name="/home/iyed_mak/Videos/University/ssd/secureshop-devsecops/services/inventory-service/node_modules/pg-types/test/types.js" package="types.js" skipped="0" tests="1" timestamp="2026-05-04T20:21:02.95663503"><testcase classname="dependency-check" name="types.js"/></testsuite><testsuite failures="0" errors="0" time="0" id="592" name="/home/iyed_mak/Videos/University/ssd/secureshop-devsecops/services/inventory-service/node_modules/object-inspect/test/undef.js" package="undef.js" skipped="0" tests="1" timestamp="2026-05-04T20:21:02.95663503"><testcase classname="dependency-check" name="undef.js"/></testsuite><testsuite failures="0" errors="0" time="0" id="593" name="/home/iyed_mak/Videos/University/ssd/secureshop-devsecops/services/inventory-service/node_modules/undefsafe/lib/undefsafe.js" package="undefsafe.js" skipped="0" tests="1" timestamp="2026-05-04T20:21:02.95663503"><testcase classname="dependency-check" name="undefsafe.js"/></testsuite><testsuite failures="0" errors="0" time="0" id="594" name="/home/iyed_mak/Videos/University/ssd/secureshop-devsecops/services/notification-service/package-lock.json?/undefsafe:2.0.5" package="undefsafe:2.0.5" skipped="0" tests="1" timestamp="2026-05-04T20:21:02.95663503"><testcase classname="dependency-check" name="undefsafe:2.0.5"/></testsuite><testsuite failures="0" errors="0" time="0" id="595" name="/home/iyed_mak/Videos/University/ssd/secureshop-devsecops/services/inventory-service/node_modules/minimatch/dist/commonjs/unescape.js" package="unescape.js" skipped="0" tests="1" timestamp="2026-05-04T20:21:02.95663503"><testcase classname="dependency-check" name="unescape.js"/></testsuite><testsuite failures="0" errors="0" time="0" id="596" name="/home/iyed_mak/Videos/University/ssd/secureshop-devsecops/services/inventory-service/node_modules/minimatch/dist/esm/unescape.js" package="unescape.js" skipped="0" tests="1" timestamp="2026-05-04T20:21:02.95663503"><testcase classname="dependency-check" name="unescape.js"/></testsuite><testsuite failures="0" errors="0" time="0" id="597" name="/home/iyed_mak/Videos/University/ssd/secureshop-devsecops/services/notification-service/package-lock.json?/unpipe:1.0.0" package="unpipe:1.0.0" skipped="0" tests="1" timestamp="2026-05-04T20:21:02.95663503"><testcase classname="dependency-check" name="unpipe:1.0.0"/></testsuite><testsuite failures="0" errors="0" time="0" id="598" name="/home/iyed_mak/Videos/University/ssd/secureshop-devsecops/services/inventory-service/node_modules/es-errors/uri.js" package="uri.js" skipped="0" tests="1" timestamp="2026-05-04T20:21:02.95663503"><testcase classname="dependency-check" name="uri.js"/></testsuite><testsuite failures="0" errors="0" time="0" id="599" name="/home/iyed_mak/Videos/University/ssd/secureshop-devsecops/services/notification-service/node_modules/url-parse/dist/url-parse.js" package="url-parse.js" skipped="0" tests="1" timestamp="2026-05-04T20:21:02.95663503"><testcase classname="dependency-check" name="url-parse.js"/></testsuite><testsuite failures="0" errors="0" time="0" id="600" name="/home/iyed_mak/Videos/University/ssd/secureshop-devsecops/services/notification-service/node_modules/url-parse/dist/url-parse.min.js" package="url-parse.min.js" skipped="0" tests="1" timestamp="2026-05-04T20:21:02.95663503"><testcase classname="dependency-check" name="url-parse.min.js"/></testsuite><testsuite failures="0" errors="0" time="0" id="601" name="/home/iyed_mak/Videos/University/ssd/secureshop-devsecops/services/notification-service/package-lock.json?/url-parse:1.5.10" package="url-parse:1.5.10" skipped="0" tests="1" timestamp="2026-05-04T20:21:02.95663503"><testcase classname="dependency-check" name="url-parse:1.5.10"/></testsuite><testsuite failures="0" errors="0" time="0" id="602" name="/home/iyed_mak/Videos/University/ssd/secureshop-devsecops/services/inventory-service/node_modules/body-parser/lib/types/urlencoded.js" package="urlencoded.js" skipped="0" tests="1" timestamp="2026-05-04T20:21:02.95663503"><testcase classname="dependency-check" name="urlencoded.js"/></testsuite><testsuite failures="0" errors="0" time="0" id="603" name="/home/iyed_mak/Videos/University/ssd/secureshop-devsecops/services/inventory-service/node_modules/iconv-lite/encodings/utf16.js" package="utf16.js" skipped="0" tests="1" timestamp="2026-05-04T20:21:02.95663503"><testcase classname="dependency-check" name="utf16.js"/></testsuite><testsuite failures="0" errors="0" time="0" id="604" name="/home/iyed_mak/Videos/University/ssd/secureshop-devsecops/services/inventory-service/node_modules/iconv-lite/encodings/utf7.js" package="utf7.js" skipped="0" tests="1" timestamp="2026-05-04T20:21:02.95663503"><testcase classname="dependency-check" name="utf7.js"/></testsuite><testsuite failures="0" errors="0" time="0" id="605" name="/home/iyed_mak/Videos/University/ssd/secureshop-devsecops/services/inventory-service/node_modules/object-inspect/util.inspect.js" package="util.inspect.js" skipped="0" tests="1" timestamp="2026-05-04T20:21:02.95663503"><testcase classname="dependency-check" name="util.inspect.js"/></testsuite><testsuite failures="0" errors="0" time="0" id="606" name="/home/iyed_mak/Videos/University/ssd/secureshop-devsecops/services/notification-service/node_modules/amqplib/test/util.js" package="util.js" skipped="0" tests="1" timestamp="2026-05-04T20:21:02.95663503"><testcase classname="dependency-check" name="util.js"/></testsuite><testsuite failures="0" errors="0" time="0" id="607" name="/home/iyed_mak/Videos/University/ssd/secureshop-devsecops/services/inventory-service/node_modules/pg/lib/crypto/utils-legacy.js" package="utils-legacy.js" skipped="0" tests="1" timestamp="2026-05-04T20:21:02.95663503"><testcase classname="dependency-check" name="utils-legacy.js"/></testsuite><testsuite failures="0" errors="0" time="0" id="608" name="/home/iyed_mak/Videos/University/ssd/secureshop-devsecops/services/notification-service/package-lock.json?/utils-merge:1.0.1" package="utils-merge:1.0.1" skipped="0" tests="1" timestamp="2026-05-04T20:21:02.95663503"><testcase classname="dependency-check" name="utils-merge:1.0.1"/></testsuite><testsuite failures="0" errors="0" time="0" id="609" name="/home/iyed_mak/Videos/University/ssd/secureshop-devsecops/services/inventory-service/node_modules/pg/lib/crypto/utils-webcrypto.js" package="utils-webcrypto.js" skipped="0" tests="1" timestamp="2026-05-04T20:21:02.95663503"><testcase classname="dependency-check" name="utils-webcrypto.js"/></testsuite><testsuite failures="0" errors="0" time="0" id="610" name="/home/iyed_mak/Videos/University/ssd/secureshop-devsecops/services/inventory-service/node_modules/body-parser/node_modules/qs/lib/utils.js" package="utils.js" skipped="0" tests="1" timestamp="2026-05-04T20:21:02.95663503"><testcase classname="dependency-check" name="utils.js"/></testsuite><testsuite failures="0" errors="0" time="0" id="611" name="/home/iyed_mak/Videos/University/ssd/secureshop-devsecops/services/inventory-service/node_modules/body-parser/node_modules/qs/test/utils.js" package="utils.js" skipped="0" tests="1" timestamp="2026-05-04T20:21:02.95663503"><testcase classname="dependency-check" name="utils.js"/></testsuite><testsuite failures="0" errors="0" time="0" id="612" name="/home/iyed_mak/Videos/University/ssd/secureshop-devsecops/services/inventory-service/node_modules/braces/lib/utils.js" package="utils.js" skipped="0" tests="1" timestamp="2026-05-04T20:21:02.95663503"><testcase classname="dependency-check" name="utils.js"/></testsuite><testsuite failures="0" errors="0" time="0" id="613" name="/home/iyed_mak/Videos/University/ssd/secureshop-devsecops/services/inventory-service/node_modules/express/lib/utils.js" package="utils.js" skipped="0" tests="1" timestamp="2026-05-04T20:21:02.95663503"><testcase classname="dependency-check" name="utils.js"/></testsuite><testsuite failures="0" errors="0" time="0" id="614" name="/home/iyed_mak/Videos/University/ssd/secureshop-devsecops/services/inventory-service/node_modules/pg/lib/crypto/utils.js" package="utils.js" skipped="0" tests="1" timestamp="2026-05-04T20:21:02.95663503"><testcase classname="dependency-check" name="utils.js"/></testsuite><testsuite failures="0" errors="0" time="0" id="615" name="/home/iyed_mak/Videos/University/ssd/secureshop-devsecops/services/inventory-service/node_modules/pg/lib/utils.js" package="utils.js" skipped="0" tests="1" timestamp="2026-05-04T20:21:02.95663503"><testcase classname="dependency-check" name="utils.js"/></testsuite><testsuite failures="0" errors="0" time="0" id="616" name="/home/iyed_mak/Videos/University/ssd/secureshop-devsecops/services/inventory-service/node_modules/picomatch/lib/utils.js" package="utils.js" skipped="0" tests="1" timestamp="2026-05-04T20:21:02.95663503"><testcase classname="dependency-check" name="utils.js"/></testsuite><testsuite failures="0" errors="0" time="0" id="617" name="/home/iyed_mak/Videos/University/ssd/secureshop-devsecops/services/inventory-service/node_modules/pstree.remy/lib/utils.js" package="utils.js" skipped="0" tests="1" timestamp="2026-05-04T20:21:02.95663503"><testcase classname="dependency-check" name="utils.js"/></testsuite><testsuite failures="0" errors="0" time="0" id="618" name="/home/iyed_mak/Videos/University/ssd/secureshop-devsecops/services/inventory-service/node_modules/qs/lib/utils.js" package="utils.js" skipped="0" tests="1" timestamp="2026-05-04T20:21:02.95663503"><testcase classname="dependency-check" name="utils.js"/></testsuite><testsuite failures="0" errors="0" time="0" id="619" name="/home/iyed_mak/Videos/University/ssd/secureshop-devsecops/services/inventory-service/node_modules/qs/test/utils.js" package="utils.js" skipped="0" tests="1" timestamp="2026-05-04T20:21:02.95663503"><testcase classname="dependency-check" name="utils.js"/></testsuite><testsuite failures="0" errors="0" time="0" id="620" name="/home/iyed_mak/Videos/University/ssd/secureshop-devsecops/services/inventory-service/node_modules/semver/functions/valid.js" package="valid.js" skipped="0" tests="1" timestamp="2026-05-04T20:21:02.95663503"><testcase classname="dependency-check" name="valid.js"/></testsuite><testsuite failures="0" errors="0" time="0" id="621" name="/home/iyed_mak/Videos/University/ssd/secureshop-devsecops/services/inventory-service/node_modules/semver/ranges/valid.js" package="valid.js" skipped="0" tests="1" timestamp="2026-05-04T20:21:02.95663503"><testcase classname="dependency-check" name="valid.js"/></testsuite><testsuite failures="0" errors="0" time="0" id="622" name="/home/iyed_mak/Videos/University/ssd/secureshop-devsecops/services/inventory-service/node_modules/object-inspect/test/values.js" package="values.js" skipped="0" tests="1" timestamp="2026-05-04T20:21:02.95663503"><testcase classname="dependency-check" name="values.js"/></testsuite><testsuite failures="0" errors="0" time="0" id="623" name="/home/iyed_mak/Videos/University/ssd/secureshop-devsecops/services/notification-service/package-lock.json?/vary:1.1.2" package="vary:1.1.2" skipped="0" tests="1" timestamp="2026-05-04T20:21:02.95663503"><testcase classname="dependency-check" name="vary:1.1.2"/></testsuite><testsuite failures="0" errors="0" time="0" id="624" name="/home/iyed_mak/Videos/University/ssd/secureshop-devsecops/services/inventory-service/node_modules/nodemon/lib/version.js" package="version.js" skipped="0" tests="1" timestamp="2026-05-04T20:21:02.95663503"><testcase classname="dependency-check" name="version.js"/></testsuite><testsuite failures="0" errors="0" time="0" id="625" name="/home/iyed_mak/Videos/University/ssd/secureshop-devsecops/services/inventory-service/node_modules/express/lib/view.js" package="view.js" skipped="0" tests="1" timestamp="2026-05-04T20:21:02.95663503"><testcase classname="dependency-check" name="view.js"/></testsuite><testsuite failures="0" errors="0" time="0" id="626" name="/home/iyed_mak/Videos/University/ssd/secureshop-devsecops/services/product-service/venv/lib/python3.13/site-packages/pip/_vendor/distlib/w32.exe" package="w32.exe" skipped="0" tests="1" timestamp="2026-05-04T20:21:02.95663503"><testcase classname="dependency-check" name="w32.exe"/></testsuite><testsuite failures="0" errors="0" time="0" id="627" name="/home/iyed_mak/Videos/University/ssd/secureshop-devsecops/services/product-service/venv/lib/python3.13/site-packages/pip/_vendor/distlib/w64-arm.exe" package="w64-arm.exe" skipped="0" tests="1" timestamp="2026-05-04T20:21:02.95663503"><testcase classname="dependency-check" name="w64-arm.exe"/></testsuite><testsuite failures="0" errors="0" time="0" id="628" name="/home/iyed_mak/Videos/University/ssd/secureshop-devsecops/services/product-service/venv/lib/python3.13/site-packages/pip/_vendor/distlib/w64.exe" package="w64.exe" skipped="0" tests="1" timestamp="2026-05-04T20:21:02.95663503"><testcase classname="dependency-check" name="w64.exe"/></testsuite><testsuite failures="0" errors="0" time="0" id="629" name="/home/iyed_mak/Videos/University/ssd/secureshop-devsecops/services/notification-service/node_modules/amqplib/examples/waitForConfirms.js" package="waitForConfirms.js" skipped="0" tests="1" timestamp="2026-05-04T20:21:02.95663503"><testcase classname="dependency-check" name="waitForConfirms.js"/></testsuite><testsuite failures="0" errors="0" time="0" id="630" name="/home/iyed_mak/Videos/University/ssd/secureshop-devsecops/services/inventory-service/node_modules/nodemon/lib/monitor/watch.js" package="watch.js" skipped="0" tests="1" timestamp="2026-05-04T20:21:02.95663503"><testcase classname="dependency-check" name="watch.js"/></testsuite><testsuite failures="0" errors="0" time="0" id="631" name="/home/iyed_mak/Videos/University/ssd/secureshop-devsecops/services/inventory-service/node_modules/nodemon/bin/windows-kill.exe" package="windows-kill.exe" skipped="0" tests="1" timestamp="2026-05-04T20:21:02.95663503"><testcase classname="dependency-check" name="windows-kill.exe"/></testsuite><testsuite failures="0" errors="0" time="0" id="632" name="/home/iyed_mak/Videos/University/ssd/secureshop-devsecops/services/notification-service/node_modules/amqplib/examples/tutorials/callback_api/worker.js" package="worker.js" skipped="0" tests="1" timestamp="2026-05-04T20:21:02.95663503"><testcase classname="dependency-check" name="worker.js"/></testsuite><testsuite failures="0" errors="0" time="0" id="633" name="/home/iyed_mak/Videos/University/ssd/secureshop-devsecops/services/notification-service/node_modules/amqplib/examples/tutorials/worker.js" package="worker.js" skipped="0" tests="1" timestamp="2026-05-04T20:21:02.95663503"><testcase classname="dependency-check" name="worker.js"/></testsuite><testsuite failures="0" errors="0" time="0" id="634" name="/home/iyed_mak/Videos/University/ssd/secureshop-devsecops/services/order-service/package-lock.json?/xtend:4.0.2" package="xtend:4.0.2" skipped="0" tests="1" timestamp="2026-05-04T20:21:02.95663503"><testcase classname="dependency-check" name="xtend:4.0.2"/></testsuite></testsuites>